14/03/2017 07:45:28 PM- LoginPage- INFO: Element found with locator: Login and  locatorType: link:
14/03/2017 07:45:28 PM- LoginPage- INFO: Clicked on element with locator: Login locatorType: link:
14/03/2017 07:45:31 PM- LoginPage- INFO: Element found with locator: user_email and  locatorType: id:
14/03/2017 07:45:32 PM- LoginPage- INFO: Sent data on element with locator: user_email locatorType: id:
14/03/2017 07:45:32 PM- LoginPage- INFO: Element found with locator: user_password and  locatorType: id:
14/03/2017 07:45:32 PM- LoginPage- INFO: Sent data on element with locator: user_password locatorType: id:
14/03/2017 07:45:32 PM- LoginPage- INFO: Element found with locator: commit and  locatorType: name:
14/03/2017 07:45:37 PM- LoginPage- INFO: Clicked on element with locator: commit locatorType: name:
14/03/2017 07:45:37 PM- NavigationPage- INFO: Element found with locator: //div[@id='navbar']//span[text()='User Settings'] and  locatorType: xpath:
14/03/2017 07:45:37 PM- NavigationPage- INFO: Cannot click on the element with locator: //div[@id='navbar']//span[text()='User Settings'] locatorType: xpath:
14/03/2017 07:45:37 PM- LoginPage- INFO: Element found with locator: //div[@id='navbar']//a[@href='/sign_out'] and  locatorType: xpath:
14/03/2017 07:45:37 PM- LoginPage- INFO: Cannot click on the element with locator: //div[@id='navbar']//a[@href='/sign_out'] locatorType: xpath:
14/03/2017 07:45:42 PM- LoginPage- INFO: Element not found with locator: Login and  locatorType: link:
14/03/2017 07:45:42 PM- LoginPage- INFO: Cannot click on the element with locator: Login locatorType: link:
14/03/2017 07:45:47 PM- LoginPage- INFO: Element not found with locator: user_email and  locatorType: id:
14/03/2017 07:45:47 PM- LoginPage- INFO: Cannot send data on the element with locator: user_email locatorType: id:
14/03/2017 07:45:52 PM- LoginPage- INFO: Element not found with locator: user_password and  locatorType: id:
14/03/2017 07:45:52 PM- LoginPage- INFO: Cannot send data on the element with locator: user_password locatorType: id:
14/03/2017 07:45:57 PM- LoginPage- INFO: Element not found with locator: commit and  locatorType: name:
14/03/2017 07:45:57 PM- LoginPage- INFO: Cannot click on the element with locator: commit locatorType: name:
14/03/2017 07:46:02 PM- LoginPage- INFO: Element not found with locator: //div[contains(text(), ' Invalid email or password')] and  locatorType: xpath:
14/03/2017 07:46:02 PM- LoginPage- INFO: Element not present with locator: //div[contains(text(), ' Invalid email or password')] locatorType: xpath:
14/03/2017 07:46:10 PM- LoginPage- INFO: Element not found with locator: Login and  locatorType: link:
14/03/2017 07:46:10 PM- LoginPage- INFO: Cannot click on the element with locator: Login locatorType: link:
14/03/2017 07:46:15 PM- LoginPage- INFO: Element not found with locator: user_email and  locatorType: id:
14/03/2017 07:46:15 PM- LoginPage- INFO: Cannot send data on the element with locator: user_email locatorType: id:
14/03/2017 07:46:20 PM- LoginPage- INFO: Element not found with locator: user_password and  locatorType: id:
14/03/2017 07:46:20 PM- LoginPage- INFO: Cannot send data on the element with locator: user_password locatorType: id:
14/03/2017 07:46:25 PM- LoginPage- INFO: Element not found with locator: commit and  locatorType: name:
14/03/2017 07:46:25 PM- LoginPage- INFO: Cannot click on the element with locator: commit locatorType: name:
14/03/2017 07:46:25 PM- Util- INFO: Actual Text From Application Web UI --> :: Let's Kode It:
14/03/2017 07:46:25 PM- Util- INFO: Expected Text From Application Web UI --> :: Lts's Kode It:
14/03/2017 07:46:25 PM- Util- INFO: ### VERIFICATION DOES NOT CONTAINS !!!:
14/03/2017 07:46:25 PM- TestStatus- INFO: ### VERIFICATION FAILED:: + Title verification:
14/03/2017 07:46:26 PM- TestStatus- INFO: Screenshot save to directory: /home/nadmin/Documents/workspace_python/letscodeit/base/../screenshots/Title verification.1489500985991.png:
14/03/2017 07:46:26 PM- LoginPage- INFO: Element found with locator: //*[@id='navbar']//span[text()='User Settings'] and  locatorType: xpath:
14/03/2017 07:46:26 PM- LoginPage- INFO: Element present with locator: //*[@id='navbar']//span[text()='User Settings'] locatorType: xpath:
14/03/2017 07:46:26 PM- TestStatus- INFO: ### VERIFICATION SUCCESSFUL:: + Login was successful:
14/03/2017 07:54:42 PM- LoginPage- INFO: Element found with locator: Login and  locatorType: link:
14/03/2017 07:54:42 PM- LoginPage- INFO: Clicked on element with locator: Login locatorType: link:
14/03/2017 07:54:45 PM- LoginPage- INFO: Element found with locator: user_email and  locatorType: id:
14/03/2017 07:54:45 PM- LoginPage- INFO: Sent data on element with locator: user_email locatorType: id:
14/03/2017 07:54:45 PM- LoginPage- INFO: Element found with locator: user_password and  locatorType: id:
14/03/2017 07:54:46 PM- LoginPage- INFO: Sent data on element with locator: user_password locatorType: id:
14/03/2017 07:54:46 PM- LoginPage- INFO: Element found with locator: commit and  locatorType: name:
14/03/2017 07:54:50 PM- LoginPage- INFO: Clicked on element with locator: commit locatorType: name:
14/03/2017 07:54:50 PM- NavigationPage- INFO: Element found with locator: //div[@id='navbar']//span[text()='User Settings'] and  locatorType: xpath:
14/03/2017 07:54:50 PM- NavigationPage- INFO: Cannot click on the element with locator: //div[@id='navbar']//span[text()='User Settings'] locatorType: xpath:
14/03/2017 07:54:50 PM- LoginPage- INFO: Element found with locator: //div[@id='navbar']//a[@href='/sign_out'] and  locatorType: xpath:
14/03/2017 07:54:50 PM- LoginPage- INFO: Cannot click on the element with locator: //div[@id='navbar']//a[@href='/sign_out'] locatorType: xpath:
14/03/2017 07:54:56 PM- LoginPage- INFO: Element not found with locator: Login and  locatorType: link:
14/03/2017 07:54:56 PM- LoginPage- INFO: Cannot click on the element with locator: Login locatorType: link:
14/03/2017 07:55:01 PM- LoginPage- INFO: Element not found with locator: user_email and  locatorType: id:
14/03/2017 07:55:01 PM- LoginPage- INFO: Cannot send data on the element with locator: user_email locatorType: id:
14/03/2017 07:55:06 PM- LoginPage- INFO: Element not found with locator: user_password and  locatorType: id:
14/03/2017 07:55:06 PM- LoginPage- INFO: Cannot send data on the element with locator: user_password locatorType: id:
14/03/2017 07:55:11 PM- LoginPage- INFO: Element not found with locator: commit and  locatorType: name:
14/03/2017 07:55:11 PM- LoginPage- INFO: Cannot click on the element with locator: commit locatorType: name:
14/03/2017 07:55:16 PM- LoginPage- INFO: Element not found with locator: //div[contains(text(), ' Invalid email or password')] and  locatorType: xpath:
14/03/2017 07:55:16 PM- LoginPage- INFO: Element not present with locator: //div[contains(text(), ' Invalid email or password')] locatorType: xpath:
14/03/2017 07:55:24 PM- LoginPage- INFO: Element not found with locator: Login and  locatorType: link:
14/03/2017 07:55:24 PM- LoginPage- INFO: Cannot click on the element with locator: Login locatorType: link:
14/03/2017 07:55:29 PM- LoginPage- INFO: Element not found with locator: user_email and  locatorType: id:
14/03/2017 07:55:29 PM- LoginPage- INFO: Cannot send data on the element with locator: user_email locatorType: id:
14/03/2017 07:55:34 PM- LoginPage- INFO: Element not found with locator: user_password and  locatorType: id:
14/03/2017 07:55:34 PM- LoginPage- INFO: Cannot send data on the element with locator: user_password locatorType: id:
14/03/2017 07:55:39 PM- LoginPage- INFO: Element not found with locator: commit and  locatorType: name:
14/03/2017 07:55:39 PM- LoginPage- INFO: Cannot click on the element with locator: commit locatorType: name:
14/03/2017 07:55:39 PM- Util- INFO: Actual Text From Application Web UI --> :: Let's Kode It:
14/03/2017 07:55:39 PM- Util- INFO: Expected Text From Application Web UI --> :: Lts's Kode It:
14/03/2017 07:55:39 PM- Util- INFO: ### VERIFICATION DOES NOT CONTAINS !!!:
14/03/2017 07:55:39 PM- TestStatus- INFO: ### VERIFICATION FAILED:: + Title verification:
14/03/2017 07:55:39 PM- TestStatus- INFO: Screenshot save to directory: /home/nadmin/Documents/workspace_python/letscodeit/base/../screenshots/Title verification.1489501539434.png:
14/03/2017 07:55:39 PM- LoginPage- INFO: Element found with locator: //*[@id='navbar']//span[text()='User Settings'] and  locatorType: xpath:
14/03/2017 07:55:39 PM- LoginPage- INFO: Element present with locator: //*[@id='navbar']//span[text()='User Settings'] locatorType: xpath:
14/03/2017 07:55:39 PM- TestStatus- INFO: ### VERIFICATION SUCCESSFUL:: + Login was successful:
14/03/2017 07:57:35 PM- LoginPage- INFO: Element found with locator: Login and  locatorType: link:
14/03/2017 07:57:35 PM- LoginPage- INFO: Clicked on element with locator: Login locatorType: link:
14/03/2017 07:57:38 PM- LoginPage- INFO: Element found with locator: user_email and  locatorType: id:
14/03/2017 07:57:38 PM- LoginPage- INFO: Sent data on element with locator: user_email locatorType: id:
14/03/2017 07:57:38 PM- LoginPage- INFO: Element found with locator: user_password and  locatorType: id:
14/03/2017 07:57:38 PM- LoginPage- INFO: Sent data on element with locator: user_password locatorType: id:
14/03/2017 07:57:38 PM- LoginPage- INFO: Element found with locator: commit and  locatorType: name:
14/03/2017 07:57:43 PM- LoginPage- INFO: Clicked on element with locator: commit locatorType: name:
14/03/2017 07:57:43 PM- NavigationPage- INFO: Element found with locator: //div[@id='navbar']//span[text()='User Settings'] and  locatorType: xpath:
14/03/2017 07:57:43 PM- NavigationPage- INFO: Cannot click on the element with locator: //div[@id='navbar']//span[text()='User Settings'] locatorType: xpath:
14/03/2017 07:57:43 PM- LoginPage- INFO: Element found with locator: //div[@id='navbar']//a[@href='/sign_out'] and  locatorType: xpath:
14/03/2017 07:57:43 PM- LoginPage- INFO: Cannot click on the element with locator: //div[@id='navbar']//a[@href='/sign_out'] locatorType: xpath:
14/03/2017 07:57:48 PM- LoginPage- INFO: Element not found with locator: Login and  locatorType: link:
14/03/2017 07:57:48 PM- LoginPage- INFO: Cannot click on the element with locator: Login locatorType: link:
14/03/2017 07:57:53 PM- LoginPage- INFO: Element not found with locator: user_email and  locatorType: id:
14/03/2017 07:57:53 PM- LoginPage- INFO: Cannot send data on the element with locator: user_email locatorType: id:
14/03/2017 07:57:58 PM- LoginPage- INFO: Element not found with locator: user_password and  locatorType: id:
14/03/2017 07:57:58 PM- LoginPage- INFO: Cannot send data on the element with locator: user_password locatorType: id:
14/03/2017 07:58:03 PM- LoginPage- INFO: Element not found with locator: commit and  locatorType: name:
14/03/2017 07:58:03 PM- LoginPage- INFO: Cannot click on the element with locator: commit locatorType: name:
14/03/2017 07:58:08 PM- LoginPage- INFO: Element not found with locator: //div[contains(text(), ' Invalid email or password')] and  locatorType: xpath:
14/03/2017 07:58:08 PM- LoginPage- INFO: Element not present with locator: //div[contains(text(), ' Invalid email or password')] locatorType: xpath:
14/03/2017 07:58:16 PM- LoginPage- INFO: Element not found with locator: Login and  locatorType: link:
14/03/2017 07:58:16 PM- LoginPage- INFO: Cannot click on the element with locator: Login locatorType: link:
14/03/2017 07:58:21 PM- LoginPage- INFO: Element not found with locator: user_email and  locatorType: id:
14/03/2017 07:58:21 PM- LoginPage- INFO: Cannot send data on the element with locator: user_email locatorType: id:
14/03/2017 07:58:26 PM- LoginPage- INFO: Element not found with locator: user_password and  locatorType: id:
14/03/2017 07:58:26 PM- LoginPage- INFO: Cannot send data on the element with locator: user_password locatorType: id:
14/03/2017 07:58:31 PM- LoginPage- INFO: Element not found with locator: commit and  locatorType: name:
14/03/2017 07:58:31 PM- LoginPage- INFO: Cannot click on the element with locator: commit locatorType: name:
14/03/2017 07:58:31 PM- Util- INFO: Actual Text From Application Web UI --> :: Let's Kode It:
14/03/2017 07:58:31 PM- Util- INFO: Expected Text From Application Web UI --> :: Lts's Kode It:
14/03/2017 07:58:31 PM- Util- INFO: ### VERIFICATION DOES NOT CONTAINS !!!:
14/03/2017 07:58:31 PM- TestStatus- INFO: ### VERIFICATION FAILED:: + Title verification:
14/03/2017 07:58:32 PM- TestStatus- INFO: Screenshot save to directory: /home/nadmin/Documents/workspace_python/letscodeit/base/../screenshots/Title verification.1489501711997.png:
14/03/2017 07:58:32 PM- LoginPage- INFO: Element found with locator: //*[@id='navbar']//span[text()='User Settings'] and  locatorType: xpath:
14/03/2017 07:58:32 PM- LoginPage- INFO: Element present with locator: //*[@id='navbar']//span[text()='User Settings'] locatorType: xpath:
14/03/2017 07:58:32 PM- TestStatus- INFO: ### VERIFICATION SUCCESSFUL:: + Login was successful:
14/03/2017 08:03:14 PM- LoginPage- INFO: Element found with locator: Login and  locatorType: link:
14/03/2017 08:03:14 PM- LoginPage- INFO: Clicked on element with locator: Login locatorType: link:
14/03/2017 08:03:17 PM- LoginPage- INFO: Element found with locator: user_email and  locatorType: id:
14/03/2017 08:03:17 PM- LoginPage- INFO: Sent data on element with locator: user_email locatorType: id:
14/03/2017 08:03:17 PM- LoginPage- INFO: Element found with locator: user_password and  locatorType: id:
14/03/2017 08:03:18 PM- LoginPage- INFO: Sent data on element with locator: user_password locatorType: id:
14/03/2017 08:03:18 PM- LoginPage- INFO: Element found with locator: commit and  locatorType: name:
14/03/2017 08:03:22 PM- LoginPage- INFO: Clicked on element with locator: commit locatorType: name:
14/03/2017 08:03:23 PM- NavigationPage- INFO: Element found with locator: //div[@id='navbar']//span[text()='User Settings'] and  locatorType: xpath:
14/03/2017 08:03:23 PM- NavigationPage- INFO: Cannot click on the element with locator: //div[@id='navbar']//span[text()='User Settings'] locatorType: xpath:
14/03/2017 08:03:23 PM- LoginPage- INFO: Element found with locator: //div[@id='navbar']//a[@href='/sign_out'] and  locatorType: xpath:
14/03/2017 08:03:23 PM- LoginPage- INFO: Cannot click on the element with locator: //div[@id='navbar']//a[@href='/sign_out'] locatorType: xpath:
14/03/2017 08:03:28 PM- LoginPage- INFO: Element not found with locator: Login and  locatorType: link:
14/03/2017 08:03:28 PM- LoginPage- INFO: Cannot click on the element with locator: Login locatorType: link:
14/03/2017 08:03:33 PM- LoginPage- INFO: Element not found with locator: user_email and  locatorType: id:
14/03/2017 08:03:33 PM- LoginPage- INFO: Cannot send data on the element with locator: user_email locatorType: id:
14/03/2017 08:03:38 PM- LoginPage- INFO: Element not found with locator: user_password and  locatorType: id:
14/03/2017 08:03:38 PM- LoginPage- INFO: Cannot send data on the element with locator: user_password locatorType: id:
14/03/2017 08:03:43 PM- LoginPage- INFO: Element not found with locator: commit and  locatorType: name:
14/03/2017 08:03:43 PM- LoginPage- INFO: Cannot click on the element with locator: commit locatorType: name:
14/03/2017 08:03:48 PM- LoginPage- INFO: Element not found with locator: //div[contains(text(), ' Invalid email or password')] and  locatorType: xpath:
14/03/2017 08:03:48 PM- LoginPage- INFO: Element not present with locator: //div[contains(text(), ' Invalid email or password')] locatorType: xpath:
14/03/2017 08:03:51 PM- LoginPage- INFO: Element found with locator: Login and  locatorType: link:
14/03/2017 08:03:51 PM- LoginPage- INFO: Clicked on element with locator: Login locatorType: link:
14/03/2017 08:03:54 PM- LoginPage- INFO: Element found with locator: user_email and  locatorType: id:
14/03/2017 08:03:55 PM- LoginPage- INFO: Sent data on element with locator: user_email locatorType: id:
14/03/2017 08:03:55 PM- LoginPage- INFO: Element found with locator: user_password and  locatorType: id:
14/03/2017 08:03:55 PM- LoginPage- INFO: Sent data on element with locator: user_password locatorType: id:
14/03/2017 08:03:55 PM- LoginPage- INFO: Element found with locator: commit and  locatorType: name:
14/03/2017 08:03:59 PM- LoginPage- INFO: Clicked on element with locator: commit locatorType: name:
14/03/2017 08:03:59 PM- Util- INFO: Actual Text From Application Web UI --> :: Let's Kode It:
14/03/2017 08:03:59 PM- Util- INFO: Expected Text From Application Web UI --> :: Lts's Kode It:
14/03/2017 08:03:59 PM- Util- INFO: ### VERIFICATION DOES NOT CONTAINS !!!:
14/03/2017 08:03:59 PM- TestStatus- INFO: ### VERIFICATION FAILED:: + Title verification:
14/03/2017 08:03:59 PM- TestStatus- INFO: Screenshot save to directory: /home/nadmin/Documents/workspace_python/letscodeit/base/../screenshots/Title verification.1489502039216.png:
14/03/2017 08:03:59 PM- LoginPage- INFO: Element found with locator: //*[@id='navbar']//span[text()='User Settings'] and  locatorType: xpath:
14/03/2017 08:03:59 PM- LoginPage- INFO: Element present with locator: //*[@id='navbar']//span[text()='User Settings'] locatorType: xpath:
14/03/2017 08:03:59 PM- TestStatus- INFO: ### VERIFICATION SUCCESSFUL:: + Login was successful:
