1484848671233	geckodriver	INFO	Listening on 127.0.0.1:58774
1484848672235	mozprofile::profile	INFO	Using profile path /tmp/rust_mozprofile.tK93l5g9T2IL
1484848672237	geckodriver::marionette	INFO	Starting browser /usr/bin/firefox
1484848672240	geckodriver::marionette	INFO	Connecting to Marionette on localhost:35034

(firefox:19185): GLib-GObject-CRITICAL **: g_object_ref: assertion 'object->ref_count > 0' failed

(firefox:19185): GLib-GObject-CRITICAL **: g_object_unref: assertion 'object->ref_count > 0' failed

(firefox:19185): GLib-GObject-CRITICAL **: g_object_ref: assertion 'object->ref_count > 0' failed

(firefox:19185): GLib-GObject-CRITICAL **: g_object_unref: assertion 'object->ref_count > 0' failed
1484848673008	Marionette	INFO	Listening on port 35034

(/usr/lib/firefox/plugin-container:19248): GLib-GObject-CRITICAL **: g_object_ref: assertion 'object->ref_count > 0' failed

(/usr/lib/firefox/plugin-container:19248): GLib-GObject-CRITICAL **: g_object_unref: assertion 'object->ref_count > 0' failed

(/usr/lib/firefox/plugin-container:19248): GLib-GObject-CRITICAL **: g_object_ref: assertion 'object->ref_count > 0' failed

(/usr/lib/firefox/plugin-container:19248): GLib-GObject-CRITICAL **: g_object_unref: assertion 'object->ref_count > 0' failed
1484848869408	geckodriver	INFO	Listening on 127.0.0.1:49998
1484848870410	mozprofile::profile	INFO	Using profile path /tmp/rust_mozprofile.ZDm9TapmbyAk
1484848870413	geckodriver::marionette	INFO	Starting browser /usr/bin/firefox
1484848870416	geckodriver::marionette	INFO	Connecting to Marionette on localhost:39972

(firefox:19345): GLib-GObject-CRITICAL **: g_object_ref: assertion 'object->ref_count > 0' failed

(firefox:19345): GLib-GObject-CRITICAL **: g_object_unref: assertion 'object->ref_count > 0' failed

(firefox:19345): GLib-GObject-CRITICAL **: g_object_ref: assertion 'object->ref_count > 0' failed

(firefox:19345): GLib-GObject-CRITICAL **: g_object_unref: assertion 'object->ref_count > 0' failed
1484848871180	Marionette	INFO	Listening on port 39972

(/usr/lib/firefox/plugin-container:19406): GLib-GObject-CRITICAL **: g_object_ref: assertion 'object->ref_count > 0' failed

(/usr/lib/firefox/plugin-container:19406): GLib-GObject-CRITICAL **: g_object_unref: assertion 'object->ref_count > 0' failed

(/usr/lib/firefox/plugin-container:19406): GLib-GObject-CRITICAL **: g_object_ref: assertion 'object->ref_count > 0' failed

(/usr/lib/firefox/plugin-container:19406): GLib-GObject-CRITICAL **: g_object_unref: assertion 'object->ref_count > 0' failed
1484848885677	geckodriver	INFO	Listening on 127.0.0.1:51321
1484848886678	mozprofile::profile	INFO	Using profile path /tmp/rust_mozprofile.mdAiSSsb0Pts
1484848886681	geckodriver::marionette	INFO	Starting browser /usr/bin/firefox
1484848886684	geckodriver::marionette	INFO	Connecting to Marionette on localhost:34060

(firefox:19465): GLib-GObject-CRITICAL **: g_object_ref: assertion 'object->ref_count > 0' failed

(firefox:19465): GLib-GObject-CRITICAL **: g_object_unref: assertion 'object->ref_count > 0' failed

(firefox:19465): GLib-GObject-CRITICAL **: g_object_ref: assertion 'object->ref_count > 0' failed

(firefox:19465): GLib-GObject-CRITICAL **: g_object_unref: assertion 'object->ref_count > 0' failed
1484848887476	Marionette	INFO	Listening on port 34060

(/usr/lib/firefox/plugin-container:19526): GLib-GObject-CRITICAL **: g_object_ref: assertion 'object->ref_count > 0' failed

(/usr/lib/firefox/plugin-container:19526): GLib-GObject-CRITICAL **: g_object_unref: assertion 'object->ref_count > 0' failed

(/usr/lib/firefox/plugin-container:19526): GLib-GObject-CRITICAL **: g_object_ref: assertion 'object->ref_count > 0' failed

(/usr/lib/firefox/plugin-container:19526): GLib-GObject-CRITICAL **: g_object_unref: assertion 'object->ref_count > 0' failed
*************************
A coding exception was thrown and uncaught in a Task.

Full message: TypeError: NetworkError when attempting to fetch resource.
Full stack: 
*************************
1484908738329	geckodriver	INFO	Listening on 127.0.0.1:58095
1484908739331	mozprofile::profile	INFO	Using profile path /tmp/rust_mozprofile.Y6yekikJgsaQ
1484908739333	geckodriver::marionette	INFO	Starting browser /usr/bin/firefox
1484908739337	geckodriver::marionette	INFO	Connecting to Marionette on localhost:36948

(firefox:20851): GLib-GObject-CRITICAL **: g_object_ref: assertion 'object->ref_count > 0' failed

(firefox:20851): GLib-GObject-CRITICAL **: g_object_unref: assertion 'object->ref_count > 0' failed

(firefox:20851): GLib-GObject-CRITICAL **: g_object_ref: assertion 'object->ref_count > 0' failed

(firefox:20851): GLib-GObject-CRITICAL **: g_object_unref: assertion 'object->ref_count > 0' failed
1484908740151	Marionette	INFO	Listening on port 36948

(/usr/lib/firefox/plugin-container:20912): GLib-GObject-CRITICAL **: g_object_ref: assertion 'object->ref_count > 0' failed

(/usr/lib/firefox/plugin-container:20912): GLib-GObject-CRITICAL **: g_object_unref: assertion 'object->ref_count > 0' failed

(/usr/lib/firefox/plugin-container:20912): GLib-GObject-CRITICAL **: g_object_ref: assertion 'object->ref_count > 0' failed

(/usr/lib/firefox/plugin-container:20912): GLib-GObject-CRITICAL **: g_object_unref: assertion 'object->ref_count > 0' failed
JavaScript warning: http://static.parastorage.com/services/third-party/jquery/2.0.3/jquery.min.js, line 1: Using //@ to indicate sourceMappingURL pragmas is deprecated. Use //# instead
[Child 20912] WARNING: pipe error (3): Connection reset by peer: file /build/firefox-motZyY/firefox-50.1.0+build2/ipc/chromium/src/chrome/common/ipc_channel_posix.cc, line 320

###!!! [Child][MessageChannel] Error: (msgtype=0x500001,name=PCrashReporter::Msg_AnnotateCrashReport) Channel error: cannot send/recv

Crash Annotation GraphicsCriticalError: |[C0][GFX1-]: Receive IPC close with reason=AbnormalShutdown (t=426.121) 
###!!! [Child][MessageChannel] Error: (msgtype=0x4A00E9,name=PContent::Msg_GraphicsError) Channel error: cannot send/recv

[GFX1-]: Receive IPC close with reason=AbnormalShutdown
1484909174124	geckodriver	INFO	Listening on 127.0.0.1:36849
1484909175124	mozprofile::profile	INFO	Using profile path /tmp/rust_mozprofile.hSewtKkcISIO
1484909175126	geckodriver::marionette	INFO	Starting browser /usr/bin/firefox
1484909175128	geckodriver::marionette	INFO	Connecting to Marionette on localhost:39945

(firefox:21114): GLib-GObject-CRITICAL **: g_object_ref: assertion 'object->ref_count > 0' failed

(firefox:21114): GLib-GObject-CRITICAL **: g_object_unref: assertion 'object->ref_count > 0' failed

(firefox:21114): GLib-GObject-CRITICAL **: g_object_ref: assertion 'object->ref_count > 0' failed

(firefox:21114): GLib-GObject-CRITICAL **: g_object_unref: assertion 'object->ref_count > 0' failed
1484909175886	Marionette	INFO	Listening on port 39945

(/usr/lib/firefox/plugin-container:21174): GLib-GObject-CRITICAL **: g_object_ref: assertion 'object->ref_count > 0' failed

(/usr/lib/firefox/plugin-container:21174): GLib-GObject-CRITICAL **: g_object_unref: assertion 'object->ref_count > 0' failed

(/usr/lib/firefox/plugin-container:21174): GLib-GObject-CRITICAL **: g_object_ref: assertion 'object->ref_count > 0' failed

(/usr/lib/firefox/plugin-container:21174): GLib-GObject-CRITICAL **: g_object_unref: assertion 'object->ref_count > 0' failed
JavaScript warning: http://static.parastorage.com/services/third-party/jquery/2.0.3/jquery.min.js, line 1: Using //@ to indicate sourceMappingURL pragmas is deprecated. Use //# instead
*************************
A coding exception was thrown and uncaught in a Task.

Full message: TypeError: NetworkError when attempting to fetch resource.
Full stack: 
*************************
1484916113132	geckodriver	INFO	Listening on 127.0.0.1:34321
1484916114134	mozprofile::profile	INFO	Using profile path /tmp/rust_mozprofile.UkhEHTgZUOoS
1484916114136	geckodriver::marionette	INFO	Starting browser /usr/bin/firefox
1484916114138	geckodriver::marionette	INFO	Connecting to Marionette on localhost:43070

(firefox:21640): GLib-GObject-CRITICAL **: g_object_ref: assertion 'object->ref_count > 0' failed

(firefox:21640): GLib-GObject-CRITICAL **: g_object_unref: assertion 'object->ref_count > 0' failed

(firefox:21640): GLib-GObject-CRITICAL **: g_object_ref: assertion 'object->ref_count > 0' failed

(firefox:21640): GLib-GObject-CRITICAL **: g_object_unref: assertion 'object->ref_count > 0' failed
1484916114972	Marionette	INFO	Listening on port 43070

(/usr/lib/firefox/plugin-container:21700): GLib-GObject-CRITICAL **: g_object_ref: assertion 'object->ref_count > 0' failed

(/usr/lib/firefox/plugin-container:21700): GLib-GObject-CRITICAL **: g_object_unref: assertion 'object->ref_count > 0' failed

(/usr/lib/firefox/plugin-container:21700): GLib-GObject-CRITICAL **: g_object_ref: assertion 'object->ref_count > 0' failed

(/usr/lib/firefox/plugin-container:21700): GLib-GObject-CRITICAL **: g_object_unref: assertion 'object->ref_count > 0' failed
JavaScript warning: http://static.parastorage.com/services/third-party/jquery/2.0.3/jquery.min.js, line 1: Using //@ to indicate sourceMappingURL pragmas is deprecated. Use //# instead
[GFX1-]: Receive IPC close with reason=AbnormalShutdown
1484916597703	geckodriver	INFO	Listening on 127.0.0.1:60666
1484916598705	mozprofile::profile	INFO	Using profile path /tmp/rust_mozprofile.zQt9EgZdTInY
1484916598707	geckodriver::marionette	INFO	Starting browser /usr/bin/firefox
1484916598711	geckodriver::marionette	INFO	Connecting to Marionette on localhost:45084

(firefox:21887): GLib-GObject-CRITICAL **: g_object_ref: assertion 'object->ref_count > 0' failed

(firefox:21887): GLib-GObject-CRITICAL **: g_object_unref: assertion 'object->ref_count > 0' failed

(firefox:21887): GLib-GObject-CRITICAL **: g_object_ref: assertion 'object->ref_count > 0' failed

(firefox:21887): GLib-GObject-CRITICAL **: g_object_unref: assertion 'object->ref_count > 0' failed
1484916599648	Marionette	INFO	Listening on port 45084

(/usr/lib/firefox/plugin-container:21947): GLib-GObject-CRITICAL **: g_object_ref: assertion 'object->ref_count > 0' failed

(/usr/lib/firefox/plugin-container:21947): GLib-GObject-CRITICAL **: g_object_unref: assertion 'object->ref_count > 0' failed

(/usr/lib/firefox/plugin-container:21947): GLib-GObject-CRITICAL **: g_object_ref: assertion 'object->ref_count > 0' failed

(/usr/lib/firefox/plugin-container:21947): GLib-GObject-CRITICAL **: g_object_unref: assertion 'object->ref_count > 0' failed
JavaScript warning: http://static.parastorage.com/services/third-party/jquery/2.0.3/jquery.min.js, line 1: Using //@ to indicate sourceMappingURL pragmas is deprecated. Use //# instead
1484916696206	geckodriver	INFO	Listening on 127.0.0.1:35119
1484916697205	mozprofile::profile	INFO	Using profile path /tmp/rust_mozprofile.TbjOoRg5k6sr
1484916697206	geckodriver::marionette	INFO	Starting browser /usr/bin/firefox
1484916697208	geckodriver::marionette	INFO	Connecting to Marionette on localhost:35113

(firefox:22034): GLib-GObject-CRITICAL **: g_object_ref: assertion 'object->ref_count > 0' failed

(firefox:22034): GLib-GObject-CRITICAL **: g_object_unref: assertion 'object->ref_count > 0' failed

(firefox:22034): GLib-GObject-CRITICAL **: g_object_ref: assertion 'object->ref_count > 0' failed

(firefox:22034): GLib-GObject-CRITICAL **: g_object_unref: assertion 'object->ref_count > 0' failed
1484916698046	Marionette	INFO	Listening on port 35113

(/usr/lib/firefox/plugin-container:22094): GLib-GObject-CRITICAL **: g_object_ref: assertion 'object->ref_count > 0' failed

(/usr/lib/firefox/plugin-container:22094): GLib-GObject-CRITICAL **: g_object_unref: assertion 'object->ref_count > 0' failed

(/usr/lib/firefox/plugin-container:22094): GLib-GObject-CRITICAL **: g_object_ref: assertion 'object->ref_count > 0' failed

(/usr/lib/firefox/plugin-container:22094): GLib-GObject-CRITICAL **: g_object_unref: assertion 'object->ref_count > 0' failed
JavaScript warning: http://static.parastorage.com/services/third-party/jquery/2.0.3/jquery.min.js, line 1: Using //@ to indicate sourceMappingURL pragmas is deprecated. Use //# instead
1484916976554	geckodriver	INFO	Listening on 127.0.0.1:57530
1484916977553	mozprofile::profile	INFO	Using profile path /tmp/rust_mozprofile.TKhbxxRUSysF
1484916977554	geckodriver::marionette	INFO	Starting browser /usr/bin/firefox
1484916977556	geckodriver::marionette	INFO	Connecting to Marionette on localhost:35533

(firefox:22214): GLib-GObject-CRITICAL **: g_object_ref: assertion 'object->ref_count > 0' failed

(firefox:22214): GLib-GObject-CRITICAL **: g_object_unref: assertion 'object->ref_count > 0' failed

(firefox:22214): GLib-GObject-CRITICAL **: g_object_ref: assertion 'object->ref_count > 0' failed

(firefox:22214): GLib-GObject-CRITICAL **: g_object_unref: assertion 'object->ref_count > 0' failed
1484916978382	Marionette	INFO	Listening on port 35533

(/usr/lib/firefox/plugin-container:22279): GLib-GObject-CRITICAL **: g_object_ref: assertion 'object->ref_count > 0' failed

(/usr/lib/firefox/plugin-container:22279): GLib-GObject-CRITICAL **: g_object_unref: assertion 'object->ref_count > 0' failed

(/usr/lib/firefox/plugin-container:22279): GLib-GObject-CRITICAL **: g_object_ref: assertion 'object->ref_count > 0' failed

(/usr/lib/firefox/plugin-container:22279): GLib-GObject-CRITICAL **: g_object_unref: assertion 'object->ref_count > 0' failed
JavaScript warning: http://static.parastorage.com/services/third-party/jquery/2.0.3/jquery.min.js, line 1: Using //@ to indicate sourceMappingURL pragmas is deprecated. Use //# instead
*************************
A coding exception was thrown and uncaught in a Task.

Full message: TypeError: NetworkError when attempting to fetch resource.
Full stack: 
*************************
*************************
A coding exception was thrown and uncaught in a Task.

Full message: TypeError: NetworkError when attempting to fetch resource.
Full stack: 
*************************
*************************
A coding exception was thrown and uncaught in a Task.

Full message: TypeError: NetworkError when attempting to fetch resource.
Full stack: 
*************************
1484917918614	geckodriver	INFO	Listening on 127.0.0.1:35412
1484917919615	mozprofile::profile	INFO	Using profile path /tmp/rust_mozprofile.8ZBMtsxSNQTR
1484917919617	geckodriver::marionette	INFO	Starting browser /usr/bin/firefox
1484917919621	geckodriver::marionette	INFO	Connecting to Marionette on localhost:45332

(firefox:22438): GLib-GObject-CRITICAL **: g_object_ref: assertion 'object->ref_count > 0' failed

(firefox:22438): GLib-GObject-CRITICAL **: g_object_unref: assertion 'object->ref_count > 0' failed

(firefox:22438): GLib-GObject-CRITICAL **: g_object_ref: assertion 'object->ref_count > 0' failed

(firefox:22438): GLib-GObject-CRITICAL **: g_object_unref: assertion 'object->ref_count > 0' failed
1484917920473	Marionette	INFO	Listening on port 45332

(/usr/lib/firefox/plugin-container:22502): GLib-GObject-CRITICAL **: g_object_ref: assertion 'object->ref_count > 0' failed

(/usr/lib/firefox/plugin-container:22502): GLib-GObject-CRITICAL **: g_object_unref: assertion 'object->ref_count > 0' failed

(/usr/lib/firefox/plugin-container:22502): GLib-GObject-CRITICAL **: g_object_ref: assertion 'object->ref_count > 0' failed

(/usr/lib/firefox/plugin-container:22502): GLib-GObject-CRITICAL **: g_object_unref: assertion 'object->ref_count > 0' failed
JavaScript warning: http://static.parastorage.com/services/third-party/jquery/2.0.3/jquery.min.js, line 1: Using //@ to indicate sourceMappingURL pragmas is deprecated. Use //# instead
*************************
A coding exception was thrown and uncaught in a Task.

Full message: TypeError: NetworkError when attempting to fetch resource.
Full stack: 
*************************
1484920740886	geckodriver	INFO	Listening on 127.0.0.1:60831
1484920741887	mozprofile::profile	INFO	Using profile path /tmp/rust_mozprofile.KjVknoaEQ3i8
1484920741890	geckodriver::marionette	INFO	Starting browser /usr/bin/firefox
1484920741894	geckodriver::marionette	INFO	Connecting to Marionette on localhost:36200

(firefox:22828): GLib-GObject-CRITICAL **: g_object_ref: assertion 'object->ref_count > 0' failed

(firefox:22828): GLib-GObject-CRITICAL **: g_object_unref: assertion 'object->ref_count > 0' failed

(firefox:22828): GLib-GObject-CRITICAL **: g_object_ref: assertion 'object->ref_count > 0' failed

(firefox:22828): GLib-GObject-CRITICAL **: g_object_unref: assertion 'object->ref_count > 0' failed
1484920742758	Marionette	INFO	Listening on port 36200

(/usr/lib/firefox/plugin-container:22894): GLib-GObject-CRITICAL **: g_object_ref: assertion 'object->ref_count > 0' failed

(/usr/lib/firefox/plugin-container:22894): GLib-GObject-CRITICAL **: g_object_unref: assertion 'object->ref_count > 0' failed

(/usr/lib/firefox/plugin-container:22894): GLib-GObject-CRITICAL **: g_object_ref: assertion 'object->ref_count > 0' failed

(/usr/lib/firefox/plugin-container:22894): GLib-GObject-CRITICAL **: g_object_unref: assertion 'object->ref_count > 0' failed
[Child 22894] WARNING: pipe error (3): Connection reset by peer: file /build/firefox-motZyY/firefox-50.1.0+build2/ipc/chromium/src/chrome/common/ipc_channel_posix.cc, line 320

###!!! [Child][MessageChannel] Error: (msgtype=0x500001,name=PCrashReporter::Msg_AnnotateCrashReport) Channel error: cannot send/recv

Crash Annotation GraphicsCriticalError: |[C0][GFX1-]: Receive IPC close with reason=AbnormalShutdown (t=3.29364) 
###!!! [Child][MessageChannel] Error: (msgtype=0x4A00E9,name=PContent::Msg_GraphicsError) Channel error: cannot send/recv

[GFX1-]: Receive IPC close with reason=AbnormalShutdown
JavaScript warning: http://static.parastorage.com/services/third-party/jquery/2.0.3/jquery.min.js, line 1: Using //@ to indicate sourceMappingURL pragmas is deprecated. Use //# instead
JavaScript warning: http://static.parastorage.com/services/third-party/jquery/2.0.3/jquery.min.js, line 1: Using //@ to indicate sourceMappingURL pragmas is deprecated. Use //# instead
JavaScript warning: http://static.parastorage.com/services/third-party/jquery/2.0.3/jquery.min.js, line 1: Using //@ to indicate sourceMappingURL pragmas is deprecated. Use //# instead
JavaScript warning: http://static.parastorage.com/services/third-party/jquery/2.0.3/jquery.min.js, line 1: Using //@ to indicate sourceMappingURL pragmas is deprecated. Use //# instead
JavaScript warning: http://static.parastorage.com/services/third-party/jquery/2.0.3/jquery.min.js, line 1: Using //@ to indicate sourceMappingURL pragmas is deprecated. Use //# instead
JavaScript warning: https://static.parastorage.com/services/third-party/jquery/1.10.2/dist/jquery.min.js, line 1: Using //@ to indicate sourceMappingURL pragmas is deprecated. Use //# instead
JavaScript warning: http://static.parastorage.com/services/third-party/jquery/2.0.3/jquery.min.js, line 1: Using //@ to indicate sourceMappingURL pragmas is deprecated. Use //# instead
1514275917220	geckodriver	INFO	Listening on 127.0.0.1:38090
1514275918218	mozprofile::profile	INFO	Using profile path /tmp/rust_mozprofile.KKjBGIwqw7sf
1514275918219	geckodriver::marionette	INFO	Starting browser /usr/bin/firefox
1514275918222	geckodriver::marionette	INFO	Connecting to Marionette on localhost:40981

(process:3389): GLib-CRITICAL **: g_slice_set_config: assertion 'sys_page_size == 0' failed
1514276183281	geckodriver	INFO	geckodriver 0.19.1
1514276183285	geckodriver	INFO	Listening on 127.0.0.1:45207
1514276295120	geckodriver	INFO	geckodriver 0.19.1
1514276295123	geckodriver	INFO	Listening on 127.0.0.1:45305
1514281078934	geckodriver	INFO	geckodriver 0.19.1
1514281079058	geckodriver	INFO	Listening on 127.0.0.1:42433
1514281080455	mozrunner::runner	INFO	Running command: "/usr/bin/firefox" "-marionette" "-profile" "/tmp/rust_mozprofile.KgdLshqQva3O"
1514281081837	Marionette	INFO	Enabled via --marionette

(firefox:7680): GLib-GObject-CRITICAL **: g_object_ref: assertion 'object->ref_count > 0' failed

(firefox:7680): GLib-GObject-CRITICAL **: g_object_unref: assertion 'object->ref_count > 0' failed

(firefox:7680): GLib-GObject-CRITICAL **: g_object_ref: assertion 'object->ref_count > 0' failed

(firefox:7680): GLib-GObject-CRITICAL **: g_object_unref: assertion 'object->ref_count > 0' failed

(firefox:7680): GLib-GObject-CRITICAL **: g_object_ref: assertion 'object->ref_count > 0' failed

(firefox:7680): GLib-GObject-CRITICAL **: g_object_unref: assertion 'object->ref_count > 0' failed

(/usr/lib/firefox/firefox:7727): GLib-GObject-CRITICAL **: g_object_ref: assertion 'object->ref_count > 0' failed

(/usr/lib/firefox/firefox:7727): GLib-GObject-CRITICAL **: g_object_unref: assertion 'object->ref_count > 0' failed

(/usr/lib/firefox/firefox:7727): GLib-GObject-CRITICAL **: g_object_ref: assertion 'object->ref_count > 0' failed

(/usr/lib/firefox/firefox:7727): GLib-GObject-CRITICAL **: g_object_unref: assertion 'object->ref_count > 0' failed

(/usr/lib/firefox/firefox:7727): GLib-GObject-CRITICAL **: g_object_ref: assertion 'object->ref_count > 0' failed

(/usr/lib/firefox/firefox:7727): GLib-GObject-CRITICAL **: g_object_unref: assertion 'object->ref_count > 0' failed
1514281086189	Marionette	INFO	Listening on port 41558
1514281086225	Marionette	WARN	TLS certificate errors will be ignored for this session
1514281086434	Marionette	DEBUG	Register listener.js for window 2147483649
1514281086495	Marionette	DEBUG	Received DOM event "beforeunload" for "about:blank"
1514281088262	Marionette	DEBUG	Received DOM event "pagehide" for "about:blank"
1514281088262	Marionette	DEBUG	Received DOM event "unload" for "about:blank"
1514281090618	Marionette	DEBUG	Received DOM event "DOMContentLoaded" for "http://www.letskodeit.com/"
1514281090628	Marionette	DEBUG	Received DOM event "pageshow" for "http://www.letskodeit.com/"
1514281274935	addons.productaddons	WARN	Failed downloading XML, status: 0, reason: error
[Parent 7680, Gecko_IOThread] WARNING: pipe error (74): Connection reset by peer: file /build/firefox-IPQhNn/firefox-57.0.1+build2/ipc/chromium/src/chrome/common/ipc_channel_posix.cc, line 353

(firefox:7680): GLib-GObject-CRITICAL **: g_object_ref: assertion 'object->ref_count > 0' failed

(firefox:7680): GLib-GObject-CRITICAL **: g_object_unref: assertion 'object->ref_count > 0' failed

(firefox:7680): GLib-GObject-CRITICAL **: g_object_ref: assertion 'object->ref_count > 0' failed

(firefox:7680): GLib-GObject-CRITICAL **: g_object_unref: assertion 'object->ref_count > 0' failed

(firefox:7680): GLib-GObject-CRITICAL **: g_object_ref: assertion 'object->ref_count > 0' failed

(firefox:7680): GLib-GObject-CRITICAL **: g_object_unref: assertion 'object->ref_count > 0' failed

(firefox:7680): GLib-GObject-CRITICAL **: g_object_ref: assertion 'object->ref_count > 0' failed

(firefox:7680): GLib-GObject-CRITICAL **: g_object_unref: assertion 'object->ref_count > 0' failed

(firefox:7680): GLib-GObject-CRITICAL **: g_object_ref: assertion 'object->ref_count > 0' failed

(firefox:7680): GLib-GObject-CRITICAL **: g_object_unref: assertion 'object->ref_count > 0' failed

(firefox:7680): GLib-GObject-CRITICAL **: g_object_ref: assertion 'object->ref_count > 0' failed

(firefox:7680): GLib-GObject-CRITICAL **: g_object_unref: assertion 'object->ref_count > 0' failed

(firefox:7680): GLib-GObject-CRITICAL **: g_object_ref: assertion 'object->ref_count > 0' failed

(firefox:7680): GLib-GObject-CRITICAL **: g_object_unref: assertion 'object->ref_count > 0' failed

(firefox:7680): GLib-GObject-CRITICAL **: g_object_ref: assertion 'object->ref_count > 0' failed

(firefox:7680): GLib-GObject-CRITICAL **: g_object_unref: assertion 'object->ref_count > 0' failed

(firefox:7680): GLib-GObject-CRITICAL **: g_object_ref: assertion 'object->ref_count > 0' failed

(firefox:7680): GLib-GObject-CRITICAL **: g_object_unref: assertion 'object->ref_count > 0' failed

(firefox:7680): GLib-GObject-CRITICAL **: g_object_ref: assertion 'object->ref_count > 0' failed

(firefox:7680): GLib-GObject-CRITICAL **: g_object_unref: assertion 'object->ref_count > 0' failed

(firefox:7680): GLib-GObject-CRITICAL **: g_object_ref: assertion 'object->ref_count > 0' failed

(firefox:7680): GLib-GObject-CRITICAL **: g_object_unref: assertion 'object->ref_count > 0' failed
1514281439145	geckodriver	INFO	geckodriver 0.19.1
1514281439148	geckodriver	INFO	Listening on 127.0.0.1:42018
1514281440265	mozrunner::runner	INFO	Running command: "/usr/bin/firefox" "-marionette" "-profile" "/tmp/rust_mozprofile.idPF0KCydn68"
1514281441381	Marionette	INFO	Enabled via --marionette

(firefox:7863): GLib-GObject-CRITICAL **: g_object_ref: assertion 'object->ref_count > 0' failed

(firefox:7863): GLib-GObject-CRITICAL **: g_object_unref: assertion 'object->ref_count > 0' failed

(firefox:7863): GLib-GObject-CRITICAL **: g_object_ref: assertion 'object->ref_count > 0' failed

(firefox:7863): GLib-GObject-CRITICAL **: g_object_unref: assertion 'object->ref_count > 0' failed

(firefox:7863): GLib-GObject-CRITICAL **: g_object_ref: assertion 'object->ref_count > 0' failed

(firefox:7863): GLib-GObject-CRITICAL **: g_object_unref: assertion 'object->ref_count > 0' failed

(/usr/lib/firefox/firefox:7911): GLib-GObject-CRITICAL **: g_object_ref: assertion 'object->ref_count > 0' failed

(/usr/lib/firefox/firefox:7911): GLib-GObject-CRITICAL **: g_object_unref: assertion 'object->ref_count > 0' failed

(/usr/lib/firefox/firefox:7911): GLib-GObject-CRITICAL **: g_object_ref: assertion 'object->ref_count > 0' failed

(/usr/lib/firefox/firefox:7911): GLib-GObject-CRITICAL **: g_object_unref: assertion 'object->ref_count > 0' failed

(/usr/lib/firefox/firefox:7911): GLib-GObject-CRITICAL **: g_object_ref: assertion 'object->ref_count > 0' failed

(/usr/lib/firefox/firefox:7911): GLib-GObject-CRITICAL **: g_object_unref: assertion 'object->ref_count > 0' failed
1514281445202	Marionette	INFO	Listening on port 43350
1514281445300	Marionette	WARN	TLS certificate errors will be ignored for this session
1514281445476	Marionette	DEBUG	Register listener.js for window 2147483649
1514281445511	Marionette	DEBUG	Received DOM event "beforeunload" for "about:blank"
1514281446762	Marionette	DEBUG	Received DOM event "pagehide" for "about:blank"
1514281446762	Marionette	DEBUG	Received DOM event "unload" for "about:blank"
1514281448576	Marionette	DEBUG	Received DOM event "DOMContentLoaded" for "http://www.letskodeit.com/"
1514281452988	Marionette	DEBUG	Received DOM event "pageshow" for "http://www.letskodeit.com/"
1514281685616	geckodriver	INFO	geckodriver 0.19.1
1514281685628	geckodriver	INFO	Listening on 127.0.0.1:52570
1514281686818	mozrunner::runner	INFO	Running command: "/usr/bin/firefox" "-marionette" "-profile" "/tmp/rust_mozprofile.Fts46dDJdCw2"
1514281687974	Marionette	INFO	Enabled via --marionette

(firefox:8397): GLib-GObject-CRITICAL **: g_object_ref: assertion 'object->ref_count > 0' failed

(firefox:8397): GLib-GObject-CRITICAL **: g_object_unref: assertion 'object->ref_count > 0' failed

(firefox:8397): GLib-GObject-CRITICAL **: g_object_ref: assertion 'object->ref_count > 0' failed

(firefox:8397): GLib-GObject-CRITICAL **: g_object_unref: assertion 'object->ref_count > 0' failed

(firefox:8397): GLib-GObject-CRITICAL **: g_object_ref: assertion 'object->ref_count > 0' failed

(firefox:8397): GLib-GObject-CRITICAL **: g_object_unref: assertion 'object->ref_count > 0' failed

(/usr/lib/firefox/firefox:8445): GLib-GObject-CRITICAL **: g_object_ref: assertion 'object->ref_count > 0' failed

(/usr/lib/firefox/firefox:8445): GLib-GObject-CRITICAL **: g_object_unref: assertion 'object->ref_count > 0' failed

(/usr/lib/firefox/firefox:8445): GLib-GObject-CRITICAL **: g_object_ref: assertion 'object->ref_count > 0' failed

(/usr/lib/firefox/firefox:8445): GLib-GObject-CRITICAL **: g_object_unref: assertion 'object->ref_count > 0' failed

(/usr/lib/firefox/firefox:8445): GLib-GObject-CRITICAL **: g_object_ref: assertion 'object->ref_count > 0' failed

(/usr/lib/firefox/firefox:8445): GLib-GObject-CRITICAL **: g_object_unref: assertion 'object->ref_count > 0' failed
1514281691928	Marionette	INFO	Listening on port 52931
1514281691988	Marionette	WARN	TLS certificate errors will be ignored for this session
1514281692138	Marionette	DEBUG	Register listener.js for window 2147483649
*** UTM:SVC TimerManager:registerTimer called after profile-before-change notification. Ignoring timer registration for id: telemetry_modules_ping

(firefox:8397): GLib-GObject-CRITICAL **: g_object_ref: assertion 'object->ref_count > 0' failed

(firefox:8397): GLib-GObject-CRITICAL **: g_object_unref: assertion 'object->ref_count > 0' failed

(firefox:8397): GLib-GObject-CRITICAL **: g_object_ref: assertion 'object->ref_count > 0' failed

(firefox:8397): GLib-GObject-CRITICAL **: g_object_unref: assertion 'object->ref_count > 0' failed

(firefox:8397): GLib-GObject-CRITICAL **: g_object_ref: assertion 'object->ref_count > 0' failed

(firefox:8397): GLib-GObject-CRITICAL **: g_object_unref: assertion 'object->ref_count > 0' failed

(firefox:8397): GLib-GObject-CRITICAL **: g_object_ref: assertion 'object->ref_count > 0' failed

(firefox:8397): GLib-GObject-CRITICAL **: g_object_unref: assertion 'object->ref_count > 0' failed

(firefox:8397): GLib-GObject-CRITICAL **: g_object_ref: assertion 'object->ref_count > 0' failed

(firefox:8397): GLib-GObject-CRITICAL **: g_object_unref: assertion 'object->ref_count > 0' failed

(firefox:8397): GLib-GObject-CRITICAL **: g_object_ref: assertion 'object->ref_count > 0' failed

(firefox:8397): GLib-GObject-CRITICAL **: g_object_unref: assertion 'object->ref_count > 0' failed

(firefox:8397): GLib-GObject-CRITICAL **: g_object_ref: assertion 'object->ref_count > 0' failed

(firefox:8397): GLib-GObject-CRITICAL **: g_object_unref: assertion 'object->ref_count > 0' failed
1514281801222	addons.productaddons	WARN	Failed downloading XML, status: 0, reason: error
1514281821168	geckodriver	INFO	geckodriver 0.19.1
1514281821175	geckodriver	INFO	Listening on 127.0.0.1:53069
1514281822261	mozrunner::runner	INFO	Running command: "/usr/bin/firefox" "-marionette" "-profile" "/tmp/rust_mozprofile.qmpm9lyu1F5v"
1514281824032	Marionette	INFO	Enabled via --marionette

(firefox:8838): GLib-GObject-CRITICAL **: g_object_ref: assertion 'object->ref_count > 0' failed

(firefox:8838): GLib-GObject-CRITICAL **: g_object_unref: assertion 'object->ref_count > 0' failed

(firefox:8838): GLib-GObject-CRITICAL **: g_object_ref: assertion 'object->ref_count > 0' failed

(firefox:8838): GLib-GObject-CRITICAL **: g_object_unref: assertion 'object->ref_count > 0' failed

(firefox:8838): GLib-GObject-CRITICAL **: g_object_ref: assertion 'object->ref_count > 0' failed

(firefox:8838): GLib-GObject-CRITICAL **: g_object_unref: assertion 'object->ref_count > 0' failed

(/usr/lib/firefox/firefox:8890): GLib-GObject-CRITICAL **: g_object_ref: assertion 'object->ref_count > 0' failed

(/usr/lib/firefox/firefox:8890): GLib-GObject-CRITICAL **: g_object_unref: assertion 'object->ref_count > 0' failed

(/usr/lib/firefox/firefox:8890): GLib-GObject-CRITICAL **: g_object_ref: assertion 'object->ref_count > 0' failed

(/usr/lib/firefox/firefox:8890): GLib-GObject-CRITICAL **: g_object_unref: assertion 'object->ref_count > 0' failed

(/usr/lib/firefox/firefox:8890): GLib-GObject-CRITICAL **: g_object_ref: assertion 'object->ref_count > 0' failed

(/usr/lib/firefox/firefox:8890): GLib-GObject-CRITICAL **: g_object_unref: assertion 'object->ref_count > 0' failed
1514281829228	Marionette	INFO	Listening on port 57994
1514281829326	Marionette	WARN	TLS certificate errors will be ignored for this session
1514281829504	Marionette	DEBUG	Register listener.js for window 2147483649
1514281829700	Marionette	DEBUG	Received DOM event "beforeunload" for "about:blank"
1514281829773	Marionette	DEBUG	Received DOM event "pagehide" for "about:blank"
1514281829773	Marionette	DEBUG	Received DOM event "unload" for "about:blank"
JavaScript warning: http://192.168.2.21/app1/Scripts/jquery-1.10.2.min.js, line 18: Using //@ to indicate sourceMappingURL pragmas is deprecated. Use //# instead
1514281832403	Marionette	DEBUG	Received DOM event "DOMContentLoaded" for "http://192.168.2.21/app1"
1514281837145	Marionette	DEBUG	Received DOM event "pageshow" for "http://192.168.2.21/app1"
1514282094364	addons.productaddons	WARN	Failed downloading XML, status: 0, reason: error

(firefox:8838): GLib-GObject-CRITICAL **: g_object_ref: assertion 'object->ref_count > 0' failed

(firefox:8838): GLib-GObject-CRITICAL **: g_object_unref: assertion 'object->ref_count > 0' failed

(firefox:8838): GLib-GObject-CRITICAL **: g_object_ref: assertion 'object->ref_count > 0' failed

(firefox:8838): GLib-GObject-CRITICAL **: g_object_unref: assertion 'object->ref_count > 0' failed

(firefox:8838): GLib-GObject-CRITICAL **: g_object_ref: assertion 'object->ref_count > 0' failed

(firefox:8838): GLib-GObject-CRITICAL **: g_object_unref: assertion 'object->ref_count > 0' failed

(firefox:8838): GLib-GObject-CRITICAL **: g_object_ref: assertion 'object->ref_count > 0' failed

(firefox:8838): GLib-GObject-CRITICAL **: g_object_unref: assertion 'object->ref_count > 0' failed

(firefox:8838): GLib-GObject-CRITICAL **: g_object_ref: assertion 'object->ref_count > 0' failed

(firefox:8838): GLib-GObject-CRITICAL **: g_object_unref: assertion 'object->ref_count > 0' failed

(firefox:8838): GLib-GObject-CRITICAL **: g_object_ref: assertion 'object->ref_count > 0' failed

(firefox:8838): GLib-GObject-CRITICAL **: g_object_unref: assertion 'object->ref_count > 0' failed

(firefox:8838): GLib-GObject-CRITICAL **: g_object_ref: assertion 'object->ref_count > 0' failed

(firefox:8838): GLib-GObject-CRITICAL **: g_object_unref: assertion 'object->ref_count > 0' failed

(firefox:7863): GLib-GObject-CRITICAL **: g_object_ref: assertion 'object->ref_count > 0' failed

(firefox:7863): GLib-GObject-CRITICAL **: g_object_unref: assertion 'object->ref_count > 0' failed

(firefox:7863): GLib-GObject-CRITICAL **: g_object_ref: assertion 'object->ref_count > 0' failed

(firefox:7863): GLib-GObject-CRITICAL **: g_object_unref: assertion 'object->ref_count > 0' failed

(firefox:7863): GLib-GObject-CRITICAL **: g_object_ref: assertion 'object->ref_count > 0' failed

(firefox:7863): GLib-GObject-CRITICAL **: g_object_unref: assertion 'object->ref_count > 0' failed

(firefox:7863): GLib-GObject-CRITICAL **: g_object_ref: assertion 'object->ref_count > 0' failed

(firefox:7863): GLib-GObject-CRITICAL **: g_object_unref: assertion 'object->ref_count > 0' failed

(firefox:7863): GLib-GObject-CRITICAL **: g_object_ref: assertion 'object->ref_count > 0' failed

(firefox:7863): GLib-GObject-CRITICAL **: g_object_unref: assertion 'object->ref_count > 0' failed

(firefox:7863): GLib-GObject-CRITICAL **: g_object_ref: assertion 'object->ref_count > 0' failed

(firefox:7863): GLib-GObject-CRITICAL **: g_object_unref: assertion 'object->ref_count > 0' failed

(firefox:7863): GLib-GObject-CRITICAL **: g_object_ref: assertion 'object->ref_count > 0' failed

(firefox:7863): GLib-GObject-CRITICAL **: g_object_unref: assertion 'object->ref_count > 0' failed
1553420161129	mozrunner::runner	INFO	Running command: "/usr/bin/firefox" "-marionette" "-foreground" "-no-remote" "-profile" "/tmp/rust_mozprofile.sh3NBjBX0ubH"
1553420161936	Marionette	INFO	Enabled via --marionette

(firefox:3670): GLib-GObject-CRITICAL **: g_object_ref: assertion 'object->ref_count > 0' failed

(firefox:3670): GLib-GObject-CRITICAL **: g_object_unref: assertion 'object->ref_count > 0' failed

(firefox:3670): GLib-GObject-CRITICAL **: g_object_ref: assertion 'object->ref_count > 0' failed

(firefox:3670): GLib-GObject-CRITICAL **: g_object_unref: assertion 'object->ref_count > 0' failed

(firefox:3670): GLib-GObject-CRITICAL **: g_object_ref: assertion 'object->ref_count > 0' failed

(firefox:3670): GLib-GObject-CRITICAL **: g_object_unref: assertion 'object->ref_count > 0' failed

(/usr/lib/firefox/firefox:3719): GLib-GObject-CRITICAL **: g_object_ref: assertion 'object->ref_count > 0' failed

(/usr/lib/firefox/firefox:3719): GLib-GObject-CRITICAL **: g_object_unref: assertion 'object->ref_count > 0' failed

(/usr/lib/firefox/firefox:3719): GLib-GObject-CRITICAL **: g_object_ref: assertion 'object->ref_count > 0' failed

(/usr/lib/firefox/firefox:3719): GLib-GObject-CRITICAL **: g_object_unref: assertion 'object->ref_count > 0' failed

(/usr/lib/firefox/firefox:3719): GLib-GObject-CRITICAL **: g_object_ref: assertion 'object->ref_count > 0' failed

(/usr/lib/firefox/firefox:3719): GLib-GObject-CRITICAL **: g_object_unref: assertion 'object->ref_count > 0' failed
1553420165526	Marionette	INFO	Listening on port 41665
1553420165588	Marionette	WARN	TLS certificate errors will be ignored for this session
JavaScript error: https://qa-product-pg.ivycpg.com/web/Scripts/Jquery/jquery-2.1.4.js, line 1458: Error: Syntax error, unrecognized expression: unsupported pseudo: -webkit-autofill
1553420388941	mozrunner::runner	INFO	Running command: "/usr/bin/firefox" "-marionette" "-foreground" "-no-remote" "-profile" "/tmp/rust_mozprofile.01346EdS1s4w"
1553420391696	Marionette	INFO	Enabled via --marionette

(firefox:3842): GLib-GObject-CRITICAL **: g_object_ref: assertion 'object->ref_count > 0' failed

(firefox:3842): GLib-GObject-CRITICAL **: g_object_unref: assertion 'object->ref_count > 0' failed

(firefox:3842): GLib-GObject-CRITICAL **: g_object_ref: assertion 'object->ref_count > 0' failed

(firefox:3842): GLib-GObject-CRITICAL **: g_object_unref: assertion 'object->ref_count > 0' failed

(firefox:3842): GLib-GObject-CRITICAL **: g_object_ref: assertion 'object->ref_count > 0' failed

(firefox:3842): GLib-GObject-CRITICAL **: g_object_unref: assertion 'object->ref_count > 0' failed

(/usr/lib/firefox/firefox:3891): GLib-GObject-CRITICAL **: g_object_ref: assertion 'object->ref_count > 0' failed

(/usr/lib/firefox/firefox:3891): GLib-GObject-CRITICAL **: g_object_unref: assertion 'object->ref_count > 0' failed

(/usr/lib/firefox/firefox:3891): GLib-GObject-CRITICAL **: g_object_ref: assertion 'object->ref_count > 0' failed

(/usr/lib/firefox/firefox:3891): GLib-GObject-CRITICAL **: g_object_unref: assertion 'object->ref_count > 0' failed

(/usr/lib/firefox/firefox:3891): GLib-GObject-CRITICAL **: g_object_ref: assertion 'object->ref_count > 0' failed

(/usr/lib/firefox/firefox:3891): GLib-GObject-CRITICAL **: g_object_unref: assertion 'object->ref_count > 0' failed
1553420399368	Marionette	INFO	Listening on port 37288
1553420399524	Marionette	WARN	TLS certificate errors will be ignored for this session
JavaScript error: https://qa-product-pg.ivycpg.com/web/Scripts/Jquery/jquery-2.1.4.js, line 1458: Error: Syntax error, unrecognized expression: unsupported pseudo: -webkit-autofill
*** UTM:SVC TimerManager:registerTimer called after profile-before-change notification. Ignoring timer registration for id: telemetry_modules_ping

(firefox:3842): GLib-GObject-CRITICAL **: g_object_ref: assertion 'object->ref_count > 0' failed

(firefox:3842): GLib-GObject-CRITICAL **: g_object_unref: assertion 'object->ref_count > 0' failed

(firefox:3842): GLib-GObject-CRITICAL **: g_object_ref: assertion 'object->ref_count > 0' failed

(firefox:3842): GLib-GObject-CRITICAL **: g_object_unref: assertion 'object->ref_count > 0' failed

(firefox:3842): GLib-GObject-CRITICAL **: g_object_ref: assertion 'object->ref_count > 0' failed

(firefox:3842): GLib-GObject-CRITICAL **: g_object_unref: assertion 'object->ref_count > 0' failed

(firefox:3842): GLib-GObject-CRITICAL **: g_object_ref: assertion 'object->ref_count > 0' failed

(firefox:3842): GLib-GObject-CRITICAL **: g_object_unref: assertion 'object->ref_count > 0' failed

(firefox:3842): GLib-GObject-CRITICAL **: g_object_ref: assertion 'object->ref_count > 0' failed

(firefox:3842): GLib-GObject-CRITICAL **: g_object_unref: assertion 'object->ref_count > 0' failed

(firefox:3842): GLib-GObject-CRITICAL **: g_object_ref: assertion 'object->ref_count > 0' failed

(firefox:3842): GLib-GObject-CRITICAL **: g_object_unref: assertion 'object->ref_count > 0' failed

(firefox:3842): GLib-GObject-CRITICAL **: g_object_ref: assertion 'object->ref_count > 0' failed

(firefox:3842): GLib-GObject-CRITICAL **: g_object_unref: assertion 'object->ref_count > 0' failed

(firefox:3670): GLib-GObject-CRITICAL **: g_object_ref: assertion 'object->ref_count > 0' failed

(firefox:3670): GLib-GObject-CRITICAL **: g_object_unref: assertion 'object->ref_count > 0' failed

(firefox:3670): GLib-GObject-CRITICAL **: g_object_ref: assertion 'object->ref_count > 0' failed

(firefox:3670): GLib-GObject-CRITICAL **: g_object_unref: assertion 'object->ref_count > 0' failed

(firefox:3670): GLib-GObject-CRITICAL **: g_object_ref: assertion 'object->ref_count > 0' failed

(firefox:3670): GLib-GObject-CRITICAL **: g_object_unref: assertion 'object->ref_count > 0' failed

(firefox:3670): GLib-GObject-CRITICAL **: g_object_ref: assertion 'object->ref_count > 0' failed

(firefox:3670): GLib-GObject-CRITICAL **: g_object_unref: assertion 'object->ref_count > 0' failed

(firefox:3670): GLib-GObject-CRITICAL **: g_object_ref: assertion 'object->ref_count > 0' failed

(firefox:3670): GLib-GObject-CRITICAL **: g_object_unref: assertion 'object->ref_count > 0' failed

(firefox:3670): GLib-GObject-CRITICAL **: g_object_ref: assertion 'object->ref_count > 0' failed

(firefox:3670): GLib-GObject-CRITICAL **: g_object_unref: assertion 'object->ref_count > 0' failed

(firefox:3670): GLib-GObject-CRITICAL **: g_object_ref: assertion 'object->ref_count > 0' failed

(firefox:3670): GLib-GObject-CRITICAL **: g_object_unref: assertion 'object->ref_count > 0' failed
