1488223102116	geckodriver	INFO	Listening on 127.0.0.1:54491
1488223103119	mozprofile::profile	INFO	Using profile path /tmp/rust_mozprofile.bLvL0RoHtD0L
1488223103121	geckodriver::marionette	INFO	Starting browser /usr/bin/firefox
1488223103124	geckodriver::marionette	INFO	Connecting to Marionette on localhost:41557

(firefox:16142): GLib-GObject-CRITICAL **: g_object_ref: assertion 'object->ref_count > 0' failed

(firefox:16142): GLib-GObject-CRITICAL **: g_object_unref: assertion 'object->ref_count > 0' failed

(firefox:16142): GLib-GObject-CRITICAL **: g_object_ref: assertion 'object->ref_count > 0' failed

(firefox:16142): GLib-GObject-CRITICAL **: g_object_unref: assertion 'object->ref_count > 0' failed
1488223103969	Marionette	INFO	Listening on port 41557

(/usr/lib/firefox/plugin-container:16203): GLib-GObject-CRITICAL **: g_object_ref: assertion 'object->ref_count > 0' failed

(/usr/lib/firefox/plugin-container:16203): GLib-GObject-CRITICAL **: g_object_unref: assertion 'object->ref_count > 0' failed

(/usr/lib/firefox/plugin-container:16203): GLib-GObject-CRITICAL **: g_object_ref: assertion 'object->ref_count > 0' failed

(/usr/lib/firefox/plugin-container:16203): GLib-GObject-CRITICAL **: g_object_unref: assertion 'object->ref_count > 0' failed

(firefox:16142): GLib-GObject-CRITICAL **: g_type_add_interface_static: assertion 'g_type_parent (interface_type) == G_TYPE_INTERFACE' failed

(firefox:16142): GLib-GObject-CRITICAL **: g_type_add_interface_static: assertion 'g_type_parent (interface_type) == G_TYPE_INTERFACE' failed

(firefox:16142): GLib-GObject-CRITICAL **: g_type_add_interface_static: assertion 'g_type_parent (interface_type) == G_TYPE_INTERFACE' failed

(firefox:16142): GLib-GObject-CRITICAL **: g_type_add_interface_static: assertion 'g_type_parent (interface_type) == G_TYPE_INTERFACE' failed

(firefox:16142): GLib-GObject-CRITICAL **: g_type_add_interface_static: assertion 'g_type_parent (interface_type) == G_TYPE_INTERFACE' failed

(firefox:16142): GLib-GObject-CRITICAL **: g_type_add_interface_static: assertion 'g_type_parent (interface_type) == G_TYPE_INTERFACE' failed
1488223178804	geckodriver	INFO	Listening on 127.0.0.1:55406
1488223179806	mozprofile::profile	INFO	Using profile path /tmp/rust_mozprofile.sS2rAxgolfy7
1488223179808	geckodriver::marionette	INFO	Starting browser /usr/bin/firefox
1488223179812	geckodriver::marionette	INFO	Connecting to Marionette on localhost:37689

(firefox:16275): GLib-GObject-CRITICAL **: g_object_ref: assertion 'object->ref_count > 0' failed

(firefox:16275): GLib-GObject-CRITICAL **: g_object_unref: assertion 'object->ref_count > 0' failed

(firefox:16275): GLib-GObject-CRITICAL **: g_object_ref: assertion 'object->ref_count > 0' failed

(firefox:16275): GLib-GObject-CRITICAL **: g_object_unref: assertion 'object->ref_count > 0' failed
1488223180639	Marionette	INFO	Listening on port 37689

(/usr/lib/firefox/plugin-container:16338): GLib-GObject-CRITICAL **: g_object_ref: assertion 'object->ref_count > 0' failed

(/usr/lib/firefox/plugin-container:16338): GLib-GObject-CRITICAL **: g_object_unref: assertion 'object->ref_count > 0' failed

(/usr/lib/firefox/plugin-container:16338): GLib-GObject-CRITICAL **: g_object_ref: assertion 'object->ref_count > 0' failed

(/usr/lib/firefox/plugin-container:16338): GLib-GObject-CRITICAL **: g_object_unref: assertion 'object->ref_count > 0' failed

(firefox:16275): GLib-GObject-CRITICAL **: g_type_add_interface_static: assertion 'g_type_parent (interface_type) == G_TYPE_INTERFACE' failed

(firefox:16275): GLib-GObject-CRITICAL **: g_type_add_interface_static: assertion 'g_type_parent (interface_type) == G_TYPE_INTERFACE' failed

(firefox:16275): GLib-GObject-CRITICAL **: g_type_add_interface_static: assertion 'g_type_parent (interface_type) == G_TYPE_INTERFACE' failed

(firefox:16275): GLib-GObject-CRITICAL **: g_type_add_interface_static: assertion 'g_type_parent (interface_type) == G_TYPE_INTERFACE' failed

(firefox:16275): GLib-GObject-CRITICAL **: g_type_add_interface_static: assertion 'g_type_parent (interface_type) == G_TYPE_INTERFACE' failed

(firefox:16275): GLib-GObject-CRITICAL **: g_type_add_interface_static: assertion 'g_type_parent (interface_type) == G_TYPE_INTERFACE' failed
1488223631720	geckodriver	INFO	Listening on 127.0.0.1:48871
1488223632722	mozprofile::profile	INFO	Using profile path /tmp/rust_mozprofile.mauuKr0akzzg
1488223632724	geckodriver::marionette	INFO	Starting browser /usr/bin/firefox
1488223632727	geckodriver::marionette	INFO	Connecting to Marionette on localhost:44070

(firefox:16621): GLib-GObject-CRITICAL **: g_object_ref: assertion 'object->ref_count > 0' failed

(firefox:16621): GLib-GObject-CRITICAL **: g_object_unref: assertion 'object->ref_count > 0' failed

(firefox:16621): GLib-GObject-CRITICAL **: g_object_ref: assertion 'object->ref_count > 0' failed

(firefox:16621): GLib-GObject-CRITICAL **: g_object_unref: assertion 'object->ref_count > 0' failed
1488223633501	Marionette	INFO	Listening on port 44070

(/usr/lib/firefox/plugin-container:16683): GLib-GObject-CRITICAL **: g_object_ref: assertion 'object->ref_count > 0' failed

(/usr/lib/firefox/plugin-container:16683): GLib-GObject-CRITICAL **: g_object_unref: assertion 'object->ref_count > 0' failed

(/usr/lib/firefox/plugin-container:16683): GLib-GObject-CRITICAL **: g_object_ref: assertion 'object->ref_count > 0' failed

(/usr/lib/firefox/plugin-container:16683): GLib-GObject-CRITICAL **: g_object_unref: assertion 'object->ref_count > 0' failed

(firefox:16621): GLib-GObject-CRITICAL **: g_type_add_interface_static: assertion 'g_type_parent (interface_type) == G_TYPE_INTERFACE' failed

(firefox:16621): GLib-GObject-CRITICAL **: g_type_add_interface_static: assertion 'g_type_parent (interface_type) == G_TYPE_INTERFACE' failed

(firefox:16621): GLib-GObject-CRITICAL **: g_type_add_interface_static: assertion 'g_type_parent (interface_type) == G_TYPE_INTERFACE' failed

(firefox:16621): GLib-GObject-CRITICAL **: g_type_add_interface_static: assertion 'g_type_parent (interface_type) == G_TYPE_INTERFACE' failed

(firefox:16621): GLib-GObject-CRITICAL **: g_type_add_interface_static: assertion 'g_type_parent (interface_type) == G_TYPE_INTERFACE' failed

(firefox:16621): GLib-GObject-CRITICAL **: g_type_add_interface_static: assertion 'g_type_parent (interface_type) == G_TYPE_INTERFACE' failed

(firefox:16621): GLib-GObject-WARNING **: /build/buildd/glib2.0-2.40.2/./gobject/gsignal.c:3408: signal name 'selection_changed' is invalid for instance '0x7fd1a3c51d30' of type 'MaiAtkType139'
1488223871409	geckodriver	INFO	Listening on 127.0.0.1:40223
1488223872411	mozprofile::profile	INFO	Using profile path /tmp/rust_mozprofile.EFvgnWuDZ0x4
1488223872413	geckodriver::marionette	INFO	Starting browser /usr/bin/firefox
1488223872416	geckodriver::marionette	INFO	Connecting to Marionette on localhost:39133

(firefox:16913): GLib-GObject-CRITICAL **: g_object_ref: assertion 'object->ref_count > 0' failed

(firefox:16913): GLib-GObject-CRITICAL **: g_object_unref: assertion 'object->ref_count > 0' failed

(firefox:16913): GLib-GObject-CRITICAL **: g_object_ref: assertion 'object->ref_count > 0' failed

(firefox:16913): GLib-GObject-CRITICAL **: g_object_unref: assertion 'object->ref_count > 0' failed
1488223873215	Marionette	INFO	Listening on port 39133

(/usr/lib/firefox/plugin-container:16975): GLib-GObject-CRITICAL **: g_object_ref: assertion 'object->ref_count > 0' failed

(/usr/lib/firefox/plugin-container:16975): GLib-GObject-CRITICAL **: g_object_unref: assertion 'object->ref_count > 0' failed

(/usr/lib/firefox/plugin-container:16975): GLib-GObject-CRITICAL **: g_object_ref: assertion 'object->ref_count > 0' failed

(/usr/lib/firefox/plugin-container:16975): GLib-GObject-CRITICAL **: g_object_unref: assertion 'object->ref_count > 0' failed

(firefox:16913): GLib-GObject-CRITICAL **: g_type_add_interface_static: assertion 'g_type_parent (interface_type) == G_TYPE_INTERFACE' failed

(firefox:16913): GLib-GObject-CRITICAL **: g_type_add_interface_static: assertion 'g_type_parent (interface_type) == G_TYPE_INTERFACE' failed

(firefox:16913): GLib-GObject-CRITICAL **: g_type_add_interface_static: assertion 'g_type_parent (interface_type) == G_TYPE_INTERFACE' failed

(firefox:16913): GLib-GObject-CRITICAL **: g_type_add_interface_static: assertion 'g_type_parent (interface_type) == G_TYPE_INTERFACE' failed

(firefox:16913): GLib-GObject-CRITICAL **: g_type_add_interface_static: assertion 'g_type_parent (interface_type) == G_TYPE_INTERFACE' failed

(firefox:16913): GLib-GObject-CRITICAL **: g_type_add_interface_static: assertion 'g_type_parent (interface_type) == G_TYPE_INTERFACE' failed

(firefox:16913): GLib-GObject-WARNING **: /build/buildd/glib2.0-2.40.2/./gobject/gsignal.c:3408: signal name 'selection_changed' is invalid for instance '0x7f0e884b2f60' of type 'MaiAtkType139'
1493032198018	geckodriver	INFO	Listening on 127.0.0.1:56768
1493032199020	mozprofile::profile	INFO	Using profile path /tmp/rust_mozprofile.EqcHo2BTCXIR
1493032199022	geckodriver::marionette	INFO	Starting browser /usr/bin/firefox
1493032199026	geckodriver::marionette	INFO	Connecting to Marionette on localhost:42102

(firefox:28284): GLib-GObject-CRITICAL **: g_object_ref: assertion 'object->ref_count > 0' failed

(firefox:28284): GLib-GObject-CRITICAL **: g_object_unref: assertion 'object->ref_count > 0' failed

(firefox:28284): GLib-GObject-CRITICAL **: g_object_ref: assertion 'object->ref_count > 0' failed

(firefox:28284): GLib-GObject-CRITICAL **: g_object_unref: assertion 'object->ref_count > 0' failed
1493032199920	Marionette	INFO	Listening on port 42102

(/usr/lib/firefox/plugin-container:28350): GLib-GObject-CRITICAL **: g_object_ref: assertion 'object->ref_count > 0' failed

(/usr/lib/firefox/plugin-container:28350): GLib-GObject-CRITICAL **: g_object_unref: assertion 'object->ref_count > 0' failed

(/usr/lib/firefox/plugin-container:28350): GLib-GObject-CRITICAL **: g_object_ref: assertion 'object->ref_count > 0' failed

(/usr/lib/firefox/plugin-container:28350): GLib-GObject-CRITICAL **: g_object_unref: assertion 'object->ref_count > 0' failed
1493032202783	Marionette	WARN	Using deprecated data structure for setting timeouts
*************************
A coding exception was thrown and uncaught in a Task.

Full message: TypeError: NetworkError when attempting to fetch resource.
Full stack: 
*************************
*************************
A coding exception was thrown and uncaught in a Task.

Full message: TypeError: NetworkError when attempting to fetch resource.
Full stack: 
*************************

(firefox:28284): GLib-GObject-CRITICAL **: g_object_ref: assertion 'object->ref_count > 0' failed

(firefox:28284): GLib-GObject-CRITICAL **: g_object_unref: assertion 'object->ref_count > 0' failed
