1488286101518	geckodriver	INFO	Listening on 127.0.0.1:52838
1488286102518	mozprofile::profile	INFO	Using profile path /tmp/rust_mozprofile.rFckmogs0OAB
1488286102520	geckodriver::marionette	INFO	Starting browser /usr/bin/firefox
1488286102524	geckodriver::marionette	INFO	Connecting to Marionette on localhost:43102

(firefox:20122): GLib-GObject-CRITICAL **: g_object_ref: assertion 'object->ref_count > 0' failed

(firefox:20122): GLib-GObject-CRITICAL **: g_object_unref: assertion 'object->ref_count > 0' failed

(firefox:20122): GLib-GObject-CRITICAL **: g_object_ref: assertion 'object->ref_count > 0' failed

(firefox:20122): GLib-GObject-CRITICAL **: g_object_unref: assertion 'object->ref_count > 0' failed
1488286103343	Marionette	INFO	Listening on port 43102

(/usr/lib/firefox/plugin-container:20183): GLib-GObject-CRITICAL **: g_object_ref: assertion 'object->ref_count > 0' failed

(/usr/lib/firefox/plugin-container:20183): GLib-GObject-CRITICAL **: g_object_unref: assertion 'object->ref_count > 0' failed

(/usr/lib/firefox/plugin-container:20183): GLib-GObject-CRITICAL **: g_object_ref: assertion 'object->ref_count > 0' failed

(/usr/lib/firefox/plugin-container:20183): GLib-GObject-CRITICAL **: g_object_unref: assertion 'object->ref_count > 0' failed
1488286381889	geckodriver	INFO	Listening on 127.0.0.1:60037
1488286382891	mozprofile::profile	INFO	Using profile path /tmp/rust_mozprofile.FderXDMWc1jO
1488286382893	geckodriver::marionette	INFO	Starting browser /usr/bin/firefox
1488286382897	geckodriver::marionette	INFO	Connecting to Marionette on localhost:40678

(firefox:20271): GLib-GObject-CRITICAL **: g_object_ref: assertion 'object->ref_count > 0' failed

(firefox:20271): GLib-GObject-CRITICAL **: g_object_unref: assertion 'object->ref_count > 0' failed

(firefox:20271): GLib-GObject-CRITICAL **: g_object_ref: assertion 'object->ref_count > 0' failed

(firefox:20271): GLib-GObject-CRITICAL **: g_object_unref: assertion 'object->ref_count > 0' failed
1488286383715	Marionette	INFO	Listening on port 40678

(/usr/lib/firefox/plugin-container:20333): GLib-GObject-CRITICAL **: g_object_ref: assertion 'object->ref_count > 0' failed

(/usr/lib/firefox/plugin-container:20333): GLib-GObject-CRITICAL **: g_object_unref: assertion 'object->ref_count > 0' failed

(/usr/lib/firefox/plugin-container:20333): GLib-GObject-CRITICAL **: g_object_ref: assertion 'object->ref_count > 0' failed

(/usr/lib/firefox/plugin-container:20333): GLib-GObject-CRITICAL **: g_object_unref: assertion 'object->ref_count > 0' failed
1488286469228	addons.productaddons	WARN	Failed downloading via XHR, status: 0, reason: error
1488286834537	geckodriver	INFO	Listening on 127.0.0.1:40544
1488286835540	mozprofile::profile	INFO	Using profile path /tmp/rust_mozprofile.qJgITRL6IkTP
1488286835542	geckodriver::marionette	INFO	Starting browser /usr/bin/firefox
1488286835545	geckodriver::marionette	INFO	Connecting to Marionette on localhost:32897

(firefox:20553): GLib-GObject-CRITICAL **: g_object_ref: assertion 'object->ref_count > 0' failed

(firefox:20553): GLib-GObject-CRITICAL **: g_object_unref: assertion 'object->ref_count > 0' failed

(firefox:20553): GLib-GObject-CRITICAL **: g_object_ref: assertion 'object->ref_count > 0' failed

(firefox:20553): GLib-GObject-CRITICAL **: g_object_unref: assertion 'object->ref_count > 0' failed
1488286836356	Marionette	INFO	Listening on port 32897

(/usr/lib/firefox/plugin-container:20615): GLib-GObject-CRITICAL **: g_object_ref: assertion 'object->ref_count > 0' failed

(/usr/lib/firefox/plugin-container:20615): GLib-GObject-CRITICAL **: g_object_unref: assertion 'object->ref_count > 0' failed

(/usr/lib/firefox/plugin-container:20615): GLib-GObject-CRITICAL **: g_object_ref: assertion 'object->ref_count > 0' failed

(/usr/lib/firefox/plugin-container:20615): GLib-GObject-CRITICAL **: g_object_unref: assertion 'object->ref_count > 0' failed
1488287204680	geckodriver	INFO	Listening on 127.0.0.1:51058
1488287205682	mozprofile::profile	INFO	Using profile path /tmp/rust_mozprofile.OEFpta6NeHum
1488287205684	geckodriver::marionette	INFO	Starting browser /usr/bin/firefox
1488287205687	geckodriver::marionette	INFO	Connecting to Marionette on localhost:38194

(firefox:20846): GLib-GObject-CRITICAL **: g_object_ref: assertion 'object->ref_count > 0' failed

(firefox:20846): GLib-GObject-CRITICAL **: g_object_unref: assertion 'object->ref_count > 0' failed

(firefox:20846): GLib-GObject-CRITICAL **: g_object_ref: assertion 'object->ref_count > 0' failed

(firefox:20846): GLib-GObject-CRITICAL **: g_object_unref: assertion 'object->ref_count > 0' failed
1488287206552	Marionette	INFO	Listening on port 38194

(/usr/lib/firefox/plugin-container:20909): GLib-GObject-CRITICAL **: g_object_ref: assertion 'object->ref_count > 0' failed

(/usr/lib/firefox/plugin-container:20909): GLib-GObject-CRITICAL **: g_object_unref: assertion 'object->ref_count > 0' failed

(/usr/lib/firefox/plugin-container:20909): GLib-GObject-CRITICAL **: g_object_ref: assertion 'object->ref_count > 0' failed

(/usr/lib/firefox/plugin-container:20909): GLib-GObject-CRITICAL **: g_object_unref: assertion 'object->ref_count > 0' failed
1488287387490	geckodriver	INFO	Listening on 127.0.0.1:39708
1488287388491	mozprofile::profile	INFO	Using profile path /tmp/rust_mozprofile.k1sywdkBkqnH
1488287388493	geckodriver::marionette	INFO	Starting browser /usr/bin/firefox
1488287388497	geckodriver::marionette	INFO	Connecting to Marionette on localhost:34829

(firefox:21001): GLib-GObject-CRITICAL **: g_object_ref: assertion 'object->ref_count > 0' failed

(firefox:21001): GLib-GObject-CRITICAL **: g_object_unref: assertion 'object->ref_count > 0' failed

(firefox:21001): GLib-GObject-CRITICAL **: g_object_ref: assertion 'object->ref_count > 0' failed

(firefox:21001): GLib-GObject-CRITICAL **: g_object_unref: assertion 'object->ref_count > 0' failed
1488287389321	Marionette	INFO	Listening on port 34829

(/usr/lib/firefox/plugin-container:21066): GLib-GObject-CRITICAL **: g_object_ref: assertion 'object->ref_count > 0' failed

(/usr/lib/firefox/plugin-container:21066): GLib-GObject-CRITICAL **: g_object_unref: assertion 'object->ref_count > 0' failed

(/usr/lib/firefox/plugin-container:21066): GLib-GObject-CRITICAL **: g_object_ref: assertion 'object->ref_count > 0' failed

(/usr/lib/firefox/plugin-container:21066): GLib-GObject-CRITICAL **: g_object_unref: assertion 'object->ref_count > 0' failed
1488287495106	geckodriver	INFO	Listening on 127.0.0.1:33057
1488287496108	mozprofile::profile	INFO	Using profile path /tmp/rust_mozprofile.9vTj4adK9mCk
1488287496110	geckodriver::marionette	INFO	Starting browser /usr/bin/firefox
1488287496112	geckodriver::marionette	INFO	Connecting to Marionette on localhost:43889

(firefox:21152): GLib-GObject-CRITICAL **: g_object_ref: assertion 'object->ref_count > 0' failed

(firefox:21152): GLib-GObject-CRITICAL **: g_object_unref: assertion 'object->ref_count > 0' failed

(firefox:21152): GLib-GObject-CRITICAL **: g_object_ref: assertion 'object->ref_count > 0' failed

(firefox:21152): GLib-GObject-CRITICAL **: g_object_unref: assertion 'object->ref_count > 0' failed
1488287496953	Marionette	INFO	Listening on port 43889

(/usr/lib/firefox/plugin-container:21214): GLib-GObject-CRITICAL **: g_object_ref: assertion 'object->ref_count > 0' failed

(/usr/lib/firefox/plugin-container:21214): GLib-GObject-CRITICAL **: g_object_unref: assertion 'object->ref_count > 0' failed

(/usr/lib/firefox/plugin-container:21214): GLib-GObject-CRITICAL **: g_object_ref: assertion 'object->ref_count > 0' failed

(/usr/lib/firefox/plugin-container:21214): GLib-GObject-CRITICAL **: g_object_unref: assertion 'object->ref_count > 0' failed
1488287744821	geckodriver	INFO	Listening on 127.0.0.1:38655
1488287745824	mozprofile::profile	INFO	Using profile path /tmp/rust_mozprofile.9ofRs3aFjGu6
1488287745826	geckodriver::marionette	INFO	Starting browser /usr/bin/firefox
1488287745830	geckodriver::marionette	INFO	Connecting to Marionette on localhost:40928

(firefox:21320): GLib-GObject-CRITICAL **: g_object_ref: assertion 'object->ref_count > 0' failed

(firefox:21320): GLib-GObject-CRITICAL **: g_object_unref: assertion 'object->ref_count > 0' failed

(firefox:21320): GLib-GObject-CRITICAL **: g_object_ref: assertion 'object->ref_count > 0' failed

(firefox:21320): GLib-GObject-CRITICAL **: g_object_unref: assertion 'object->ref_count > 0' failed
1488287746701	Marionette	INFO	Listening on port 40928

(/usr/lib/firefox/plugin-container:21383): GLib-GObject-CRITICAL **: g_object_ref: assertion 'object->ref_count > 0' failed

(/usr/lib/firefox/plugin-container:21383): GLib-GObject-CRITICAL **: g_object_unref: assertion 'object->ref_count > 0' failed

(/usr/lib/firefox/plugin-container:21383): GLib-GObject-CRITICAL **: g_object_ref: assertion 'object->ref_count > 0' failed

(/usr/lib/firefox/plugin-container:21383): GLib-GObject-CRITICAL **: g_object_unref: assertion 'object->ref_count > 0' failed
*************************
A coding exception was thrown and uncaught in a Task.

Full message: TypeError: NetworkError when attempting to fetch resource.
Full stack: 
*************************
*************************
A coding exception was thrown and uncaught in a Task.

Full message: TypeError: NetworkError when attempting to fetch resource.
Full stack: 
*************************
*************************
A coding exception was thrown and uncaught in a Task.

Full message: TypeError: NetworkError when attempting to fetch resource.
Full stack: 
*************************
*************************
A coding exception was thrown and uncaught in a Task.

Full message: TypeError: NetworkError when attempting to fetch resource.
Full stack: 
*************************
1488288731606	geckodriver	INFO	Listening on 127.0.0.1:56603
1488288732609	mozprofile::profile	INFO	Using profile path /tmp/rust_mozprofile.d423xE8pYXbF
1488288732611	geckodriver::marionette	INFO	Starting browser /usr/bin/firefox
1488288732615	geckodriver::marionette	INFO	Connecting to Marionette on localhost:45600

(firefox:21629): GLib-GObject-CRITICAL **: g_object_ref: assertion 'object->ref_count > 0' failed

(firefox:21629): GLib-GObject-CRITICAL **: g_object_unref: assertion 'object->ref_count > 0' failed

(firefox:21629): GLib-GObject-CRITICAL **: g_object_ref: assertion 'object->ref_count > 0' failed

(firefox:21629): GLib-GObject-CRITICAL **: g_object_unref: assertion 'object->ref_count > 0' failed
1488288733481	Marionette	INFO	Listening on port 45600

(/usr/lib/firefox/plugin-container:21693): GLib-GObject-CRITICAL **: g_object_ref: assertion 'object->ref_count > 0' failed

(/usr/lib/firefox/plugin-container:21693): GLib-GObject-CRITICAL **: g_object_unref: assertion 'object->ref_count > 0' failed

(/usr/lib/firefox/plugin-container:21693): GLib-GObject-CRITICAL **: g_object_ref: assertion 'object->ref_count > 0' failed

(/usr/lib/firefox/plugin-container:21693): GLib-GObject-CRITICAL **: g_object_unref: assertion 'object->ref_count > 0' failed
1488289731863	geckodriver	INFO	Listening on 127.0.0.1:46506
1488289732864	mozprofile::profile	INFO	Using profile path /tmp/rust_mozprofile.b5vSgpEK5mBv
1488289732865	geckodriver::marionette	INFO	Starting browser /usr/bin/firefox
1488289732868	geckodriver::marionette	INFO	Connecting to Marionette on localhost:46859

(firefox:21948): GLib-GObject-CRITICAL **: g_object_ref: assertion 'object->ref_count > 0' failed

(firefox:21948): GLib-GObject-CRITICAL **: g_object_unref: assertion 'object->ref_count > 0' failed

(firefox:21948): GLib-GObject-CRITICAL **: g_object_ref: assertion 'object->ref_count > 0' failed

(firefox:21948): GLib-GObject-CRITICAL **: g_object_unref: assertion 'object->ref_count > 0' failed
1488289733662	Marionette	INFO	Listening on port 46859

(/usr/lib/firefox/plugin-container:22010): GLib-GObject-CRITICAL **: g_object_ref: assertion 'object->ref_count > 0' failed

(/usr/lib/firefox/plugin-container:22010): GLib-GObject-CRITICAL **: g_object_unref: assertion 'object->ref_count > 0' failed

(/usr/lib/firefox/plugin-container:22010): GLib-GObject-CRITICAL **: g_object_ref: assertion 'object->ref_count > 0' failed

(/usr/lib/firefox/plugin-container:22010): GLib-GObject-CRITICAL **: g_object_unref: assertion 'object->ref_count > 0' failed
1488289954888	geckodriver	INFO	Listening on 127.0.0.1:53524
1488289955890	mozprofile::profile	INFO	Using profile path /tmp/rust_mozprofile.PHWc5zn0c9bz
1488289955892	geckodriver::marionette	INFO	Starting browser /usr/bin/firefox
1488289955896	geckodriver::marionette	INFO	Connecting to Marionette on localhost:44970

(firefox:22112): GLib-GObject-CRITICAL **: g_object_ref: assertion 'object->ref_count > 0' failed

(firefox:22112): GLib-GObject-CRITICAL **: g_object_unref: assertion 'object->ref_count > 0' failed

(firefox:22112): GLib-GObject-CRITICAL **: g_object_ref: assertion 'object->ref_count > 0' failed

(firefox:22112): GLib-GObject-CRITICAL **: g_object_unref: assertion 'object->ref_count > 0' failed
1488289956702	Marionette	INFO	Listening on port 44970

(/usr/lib/firefox/plugin-container:22174): GLib-GObject-CRITICAL **: g_object_ref: assertion 'object->ref_count > 0' failed

(/usr/lib/firefox/plugin-container:22174): GLib-GObject-CRITICAL **: g_object_unref: assertion 'object->ref_count > 0' failed

(/usr/lib/firefox/plugin-container:22174): GLib-GObject-CRITICAL **: g_object_ref: assertion 'object->ref_count > 0' failed

(/usr/lib/firefox/plugin-container:22174): GLib-GObject-CRITICAL **: g_object_unref: assertion 'object->ref_count > 0' failed
1488290125742	geckodriver	INFO	Listening on 127.0.0.1:52202
1488290126745	mozprofile::profile	INFO	Using profile path /tmp/rust_mozprofile.fwAA2EHdoPTO
1488290126747	geckodriver::marionette	INFO	Starting browser /usr/bin/firefox
1488290126751	geckodriver::marionette	INFO	Connecting to Marionette on localhost:40037

(firefox:22291): GLib-GObject-CRITICAL **: g_object_ref: assertion 'object->ref_count > 0' failed

(firefox:22291): GLib-GObject-CRITICAL **: g_object_unref: assertion 'object->ref_count > 0' failed

(firefox:22291): GLib-GObject-CRITICAL **: g_object_ref: assertion 'object->ref_count > 0' failed

(firefox:22291): GLib-GObject-CRITICAL **: g_object_unref: assertion 'object->ref_count > 0' failed
1488290127607	Marionette	INFO	Listening on port 40037

(/usr/lib/firefox/plugin-container:22349): GLib-GObject-CRITICAL **: g_object_ref: assertion 'object->ref_count > 0' failed

(/usr/lib/firefox/plugin-container:22349): GLib-GObject-CRITICAL **: g_object_unref: assertion 'object->ref_count > 0' failed

(/usr/lib/firefox/plugin-container:22349): GLib-GObject-CRITICAL **: g_object_ref: assertion 'object->ref_count > 0' failed

(/usr/lib/firefox/plugin-container:22349): GLib-GObject-CRITICAL **: g_object_unref: assertion 'object->ref_count > 0' failed
*************************
A coding exception was thrown and uncaught in a Task.

Full message: TypeError: NetworkError when attempting to fetch resource.
Full stack: 
*************************
*************************
A coding exception was thrown and uncaught in a Task.

Full message: TypeError: NetworkError when attempting to fetch resource.
Full stack: 
*************************
*************************
A coding exception was thrown and uncaught in a Task.

Full message: TypeError: NetworkError when attempting to fetch resource.
Full stack: 
*************************
1488292240683	geckodriver	INFO	Listening on 127.0.0.1:53287
1488292241685	mozprofile::profile	INFO	Using profile path /tmp/rust_mozprofile.Nn3AJ2wJSzlt
1488292241687	geckodriver::marionette	INFO	Starting browser /usr/bin/firefox
1488292241690	geckodriver::marionette	INFO	Connecting to Marionette on localhost:36777

(firefox:22505): GLib-GObject-CRITICAL **: g_object_ref: assertion 'object->ref_count > 0' failed

(firefox:22505): GLib-GObject-CRITICAL **: g_object_unref: assertion 'object->ref_count > 0' failed

(firefox:22505): GLib-GObject-CRITICAL **: g_object_ref: assertion 'object->ref_count > 0' failed

(firefox:22505): GLib-GObject-CRITICAL **: g_object_unref: assertion 'object->ref_count > 0' failed
1488292242528	Marionette	INFO	Listening on port 36777

(/usr/lib/firefox/plugin-container:22570): GLib-GObject-CRITICAL **: g_object_ref: assertion 'object->ref_count > 0' failed

(/usr/lib/firefox/plugin-container:22570): GLib-GObject-CRITICAL **: g_object_unref: assertion 'object->ref_count > 0' failed

(/usr/lib/firefox/plugin-container:22570): GLib-GObject-CRITICAL **: g_object_ref: assertion 'object->ref_count > 0' failed

(/usr/lib/firefox/plugin-container:22570): GLib-GObject-CRITICAL **: g_object_unref: assertion 'object->ref_count > 0' failed
1488292448100	geckodriver	INFO	Listening on 127.0.0.1:50900
1488292449102	mozprofile::profile	INFO	Using profile path /tmp/rust_mozprofile.s5GtHeFE6Z3W
1488292449104	geckodriver::marionette	INFO	Starting browser /usr/bin/firefox
1488292449108	geckodriver::marionette	INFO	Connecting to Marionette on localhost:45612

(firefox:22673): GLib-GObject-CRITICAL **: g_object_ref: assertion 'object->ref_count > 0' failed

(firefox:22673): GLib-GObject-CRITICAL **: g_object_unref: assertion 'object->ref_count > 0' failed

(firefox:22673): GLib-GObject-CRITICAL **: g_object_ref: assertion 'object->ref_count > 0' failed

(firefox:22673): GLib-GObject-CRITICAL **: g_object_unref: assertion 'object->ref_count > 0' failed
1488292449937	Marionette	INFO	Listening on port 45612

(/usr/lib/firefox/plugin-container:22738): GLib-GObject-CRITICAL **: g_object_ref: assertion 'object->ref_count > 0' failed

(/usr/lib/firefox/plugin-container:22738): GLib-GObject-CRITICAL **: g_object_unref: assertion 'object->ref_count > 0' failed

(/usr/lib/firefox/plugin-container:22738): GLib-GObject-CRITICAL **: g_object_ref: assertion 'object->ref_count > 0' failed

(/usr/lib/firefox/plugin-container:22738): GLib-GObject-CRITICAL **: g_object_unref: assertion 'object->ref_count > 0' failed
1488292513652	geckodriver	INFO	Listening on 127.0.0.1:32799
1488292514655	mozprofile::profile	INFO	Using profile path /tmp/rust_mozprofile.6OvU79IRWSEu
1488292514657	geckodriver::marionette	INFO	Starting browser /usr/bin/firefox
1488292514661	geckodriver::marionette	INFO	Connecting to Marionette on localhost:39466

(firefox:22815): GLib-GObject-CRITICAL **: g_object_ref: assertion 'object->ref_count > 0' failed

(firefox:22815): GLib-GObject-CRITICAL **: g_object_unref: assertion 'object->ref_count > 0' failed

(firefox:22815): GLib-GObject-CRITICAL **: g_object_ref: assertion 'object->ref_count > 0' failed

(firefox:22815): GLib-GObject-CRITICAL **: g_object_unref: assertion 'object->ref_count > 0' failed
1488292515497	Marionette	INFO	Listening on port 39466

(/usr/lib/firefox/plugin-container:22877): GLib-GObject-CRITICAL **: g_object_ref: assertion 'object->ref_count > 0' failed

(/usr/lib/firefox/plugin-container:22877): GLib-GObject-CRITICAL **: g_object_unref: assertion 'object->ref_count > 0' failed

(/usr/lib/firefox/plugin-container:22877): GLib-GObject-CRITICAL **: g_object_ref: assertion 'object->ref_count > 0' failed

(/usr/lib/firefox/plugin-container:22877): GLib-GObject-CRITICAL **: g_object_unref: assertion 'object->ref_count > 0' failed
1488292525138	addons.productaddons	WARN	Failed downloading via XHR, status: 0, reason: error
1488292607696	geckodriver	INFO	Listening on 127.0.0.1:38015
1488292608698	mozprofile::profile	INFO	Using profile path /tmp/rust_mozprofile.WypzjptfqPbP
1488292608701	geckodriver::marionette	INFO	Starting browser /usr/bin/firefox
1488292608705	geckodriver::marionette	INFO	Connecting to Marionette on localhost:44989

(firefox:22956): GLib-GObject-CRITICAL **: g_object_ref: assertion 'object->ref_count > 0' failed

(firefox:22956): GLib-GObject-CRITICAL **: g_object_unref: assertion 'object->ref_count > 0' failed

(firefox:22956): GLib-GObject-CRITICAL **: g_object_ref: assertion 'object->ref_count > 0' failed

(firefox:22956): GLib-GObject-CRITICAL **: g_object_unref: assertion 'object->ref_count > 0' failed
1488292609595	Marionette	INFO	Listening on port 44989

(/usr/lib/firefox/plugin-container:23024): GLib-GObject-CRITICAL **: g_object_ref: assertion 'object->ref_count > 0' failed

(/usr/lib/firefox/plugin-container:23024): GLib-GObject-CRITICAL **: g_object_unref: assertion 'object->ref_count > 0' failed

(/usr/lib/firefox/plugin-container:23024): GLib-GObject-CRITICAL **: g_object_ref: assertion 'object->ref_count > 0' failed

(/usr/lib/firefox/plugin-container:23024): GLib-GObject-CRITICAL **: g_object_unref: assertion 'object->ref_count > 0' failed
1488292661476	geckodriver	INFO	Listening on 127.0.0.1:50846
1488292662478	mozprofile::profile	INFO	Using profile path /tmp/rust_mozprofile.DuBHpKPnMYDb
1488292662480	geckodriver::marionette	INFO	Starting browser /usr/bin/firefox
1488292662484	geckodriver::marionette	INFO	Connecting to Marionette on localhost:41614

(firefox:23095): GLib-GObject-CRITICAL **: g_object_ref: assertion 'object->ref_count > 0' failed

(firefox:23095): GLib-GObject-CRITICAL **: g_object_unref: assertion 'object->ref_count > 0' failed

(firefox:23095): GLib-GObject-CRITICAL **: g_object_ref: assertion 'object->ref_count > 0' failed

(firefox:23095): GLib-GObject-CRITICAL **: g_object_unref: assertion 'object->ref_count > 0' failed
1488292663367	Marionette	INFO	Listening on port 41614

(/usr/lib/firefox/plugin-container:23159): GLib-GObject-CRITICAL **: g_object_ref: assertion 'object->ref_count > 0' failed

(/usr/lib/firefox/plugin-container:23159): GLib-GObject-CRITICAL **: g_object_unref: assertion 'object->ref_count > 0' failed

(/usr/lib/firefox/plugin-container:23159): GLib-GObject-CRITICAL **: g_object_ref: assertion 'object->ref_count > 0' failed

(/usr/lib/firefox/plugin-container:23159): GLib-GObject-CRITICAL **: g_object_unref: assertion 'object->ref_count > 0' failed

(firefox:23095): GLib-GObject-CRITICAL **: g_type_add_interface_static: assertion 'g_type_parent (interface_type) == G_TYPE_INTERFACE' failed

(firefox:23095): GLib-GObject-CRITICAL **: g_type_add_interface_static: assertion 'g_type_parent (interface_type) == G_TYPE_INTERFACE' failed

(firefox:23095): GLib-GObject-CRITICAL **: g_type_add_interface_static: assertion 'g_type_parent (interface_type) == G_TYPE_INTERFACE' failed

(firefox:23095): GLib-GObject-CRITICAL **: g_type_add_interface_static: assertion 'g_type_parent (interface_type) == G_TYPE_INTERFACE' failed

(firefox:23095): GLib-GObject-CRITICAL **: g_type_add_interface_static: assertion 'g_type_parent (interface_type) == G_TYPE_INTERFACE' failed

(firefox:23095): GLib-GObject-CRITICAL **: g_type_add_interface_static: assertion 'g_type_parent (interface_type) == G_TYPE_INTERFACE' failed
1488292725646	geckodriver	INFO	Listening on 127.0.0.1:47396
1488292726650	mozprofile::profile	INFO	Using profile path /tmp/rust_mozprofile.O9E5uyPK51Ou
1488292726652	geckodriver::marionette	INFO	Starting browser /usr/bin/firefox
1488292726657	geckodriver::marionette	INFO	Connecting to Marionette on localhost:33901

(firefox:23244): GLib-GObject-CRITICAL **: g_object_ref: assertion 'object->ref_count > 0' failed

(firefox:23244): GLib-GObject-CRITICAL **: g_object_unref: assertion 'object->ref_count > 0' failed

(firefox:23244): GLib-GObject-CRITICAL **: g_object_ref: assertion 'object->ref_count > 0' failed

(firefox:23244): GLib-GObject-CRITICAL **: g_object_unref: assertion 'object->ref_count > 0' failed
1488292727507	Marionette	INFO	Listening on port 33901

(/usr/lib/firefox/plugin-container:23307): GLib-GObject-CRITICAL **: g_object_ref: assertion 'object->ref_count > 0' failed

(/usr/lib/firefox/plugin-container:23307): GLib-GObject-CRITICAL **: g_object_unref: assertion 'object->ref_count > 0' failed

(/usr/lib/firefox/plugin-container:23307): GLib-GObject-CRITICAL **: g_object_ref: assertion 'object->ref_count > 0' failed

(/usr/lib/firefox/plugin-container:23307): GLib-GObject-CRITICAL **: g_object_unref: assertion 'object->ref_count > 0' failed

(firefox:23244): GLib-GObject-CRITICAL **: g_type_add_interface_static: assertion 'g_type_parent (interface_type) == G_TYPE_INTERFACE' failed

(firefox:23244): GLib-GObject-CRITICAL **: g_type_add_interface_static: assertion 'g_type_parent (interface_type) == G_TYPE_INTERFACE' failed

(firefox:23244): GLib-GObject-CRITICAL **: g_type_add_interface_static: assertion 'g_type_parent (interface_type) == G_TYPE_INTERFACE' failed

(firefox:23244): GLib-GObject-CRITICAL **: g_type_add_interface_static: assertion 'g_type_parent (interface_type) == G_TYPE_INTERFACE' failed

(firefox:23244): GLib-GObject-CRITICAL **: g_type_add_interface_static: assertion 'g_type_parent (interface_type) == G_TYPE_INTERFACE' failed

(firefox:23244): GLib-GObject-CRITICAL **: g_type_add_interface_static: assertion 'g_type_parent (interface_type) == G_TYPE_INTERFACE' failed
*************************
A coding exception was thrown and uncaught in a Task.

Full message: TypeError: NetworkError when attempting to fetch resource.
Full stack: 
*************************
1488293607201	geckodriver	INFO	Listening on 127.0.0.1:39369
1488293608201	mozprofile::profile	INFO	Using profile path /tmp/rust_mozprofile.tPSmoMTKLPJ6
1488293608202	geckodriver::marionette	INFO	Starting browser /usr/bin/firefox
1488293608204	geckodriver::marionette	INFO	Connecting to Marionette on localhost:45198

(firefox:23672): GLib-GObject-CRITICAL **: g_object_ref: assertion 'object->ref_count > 0' failed

(firefox:23672): GLib-GObject-CRITICAL **: g_object_unref: assertion 'object->ref_count > 0' failed

(firefox:23672): GLib-GObject-CRITICAL **: g_object_ref: assertion 'object->ref_count > 0' failed

(firefox:23672): GLib-GObject-CRITICAL **: g_object_unref: assertion 'object->ref_count > 0' failed
1488293608957	Marionette	INFO	Listening on port 45198

(/usr/lib/firefox/plugin-container:23731): GLib-GObject-CRITICAL **: g_object_ref: assertion 'object->ref_count > 0' failed

(/usr/lib/firefox/plugin-container:23731): GLib-GObject-CRITICAL **: g_object_unref: assertion 'object->ref_count > 0' failed

(/usr/lib/firefox/plugin-container:23731): GLib-GObject-CRITICAL **: g_object_ref: assertion 'object->ref_count > 0' failed

(/usr/lib/firefox/plugin-container:23731): GLib-GObject-CRITICAL **: g_object_unref: assertion 'object->ref_count > 0' failed

(firefox:23672): GLib-GObject-CRITICAL **: g_type_add_interface_static: assertion 'g_type_parent (interface_type) == G_TYPE_INTERFACE' failed

(firefox:23672): GLib-GObject-CRITICAL **: g_type_add_interface_static: assertion 'g_type_parent (interface_type) == G_TYPE_INTERFACE' failed

(firefox:23672): GLib-GObject-CRITICAL **: g_type_add_interface_static: assertion 'g_type_parent (interface_type) == G_TYPE_INTERFACE' failed
1488293688536	geckodriver	INFO	Listening on 127.0.0.1:46138
1488293689539	mozprofile::profile	INFO	Using profile path /tmp/rust_mozprofile.6SKnCEdlldDZ
1488293689541	geckodriver::marionette	INFO	Starting browser /usr/bin/firefox
1488293689545	geckodriver::marionette	INFO	Connecting to Marionette on localhost:33850

(firefox:23916): GLib-GObject-CRITICAL **: g_object_ref: assertion 'object->ref_count > 0' failed

(firefox:23916): GLib-GObject-CRITICAL **: g_object_unref: assertion 'object->ref_count > 0' failed

(firefox:23916): GLib-GObject-CRITICAL **: g_object_ref: assertion 'object->ref_count > 0' failed

(firefox:23916): GLib-GObject-CRITICAL **: g_object_unref: assertion 'object->ref_count > 0' failed
1488293690358	Marionette	INFO	Listening on port 33850

(/usr/lib/firefox/plugin-container:23979): GLib-GObject-CRITICAL **: g_object_ref: assertion 'object->ref_count > 0' failed

(/usr/lib/firefox/plugin-container:23979): GLib-GObject-CRITICAL **: g_object_unref: assertion 'object->ref_count > 0' failed

(/usr/lib/firefox/plugin-container:23979): GLib-GObject-CRITICAL **: g_object_ref: assertion 'object->ref_count > 0' failed

(/usr/lib/firefox/plugin-container:23979): GLib-GObject-CRITICAL **: g_object_unref: assertion 'object->ref_count > 0' failed

(firefox:23916): GLib-GObject-CRITICAL **: g_type_add_interface_static: assertion 'g_type_parent (interface_type) == G_TYPE_INTERFACE' failed

(firefox:23916): GLib-GObject-CRITICAL **: g_type_add_interface_static: assertion 'g_type_parent (interface_type) == G_TYPE_INTERFACE' failed

(firefox:23916): GLib-GObject-CRITICAL **: g_type_add_interface_static: assertion 'g_type_parent (interface_type) == G_TYPE_INTERFACE' failed

(firefox:23916): GLib-GObject-CRITICAL **: g_type_add_interface_static: assertion 'g_type_parent (interface_type) == G_TYPE_INTERFACE' failed
JavaScript error: https://kelloggs-latam-qa.ivycpg.com/web/Scripts/codebase/dhtmlxgrid_hextra.js, line 4: SyntaxError: expected expression, got '<'

(firefox:23916): GLib-GObject-CRITICAL **: g_type_add_interface_static: assertion 'g_type_parent (interface_type) == G_TYPE_INTERFACE' failed

(firefox:23916): GLib-GObject-CRITICAL **: g_type_add_interface_static: assertion 'g_type_parent (interface_type) == G_TYPE_INTERFACE' failed

(firefox:23916): GLib-GObject-CRITICAL **: g_type_add_interface_static: assertion 'g_type_parent (interface_type) == G_TYPE_INTERFACE' failed
1488294669290	geckodriver	INFO	Listening on 127.0.0.1:39833
1488294670292	mozprofile::profile	INFO	Using profile path /tmp/rust_mozprofile.XIwo2dFlOFei
1488294670294	geckodriver::marionette	INFO	Starting browser /usr/bin/firefox
1488294670295	geckodriver::marionette	INFO	Connecting to Marionette on localhost:44841

(firefox:24393): GLib-GObject-CRITICAL **: g_object_ref: assertion 'object->ref_count > 0' failed

(firefox:24393): GLib-GObject-CRITICAL **: g_object_unref: assertion 'object->ref_count > 0' failed

(firefox:24393): GLib-GObject-CRITICAL **: g_object_ref: assertion 'object->ref_count > 0' failed

(firefox:24393): GLib-GObject-CRITICAL **: g_object_unref: assertion 'object->ref_count > 0' failed
1488294671057	Marionette	INFO	Listening on port 44841

(/usr/lib/firefox/plugin-container:24456): GLib-GObject-CRITICAL **: g_object_ref: assertion 'object->ref_count > 0' failed

(/usr/lib/firefox/plugin-container:24456): GLib-GObject-CRITICAL **: g_object_unref: assertion 'object->ref_count > 0' failed

(/usr/lib/firefox/plugin-container:24456): GLib-GObject-CRITICAL **: g_object_ref: assertion 'object->ref_count > 0' failed

(/usr/lib/firefox/plugin-container:24456): GLib-GObject-CRITICAL **: g_object_unref: assertion 'object->ref_count > 0' failed
*************************
A coding exception was thrown and uncaught in a Task.

Full message: TypeError: NetworkError when attempting to fetch resource.
Full stack: 
*************************
1488296295086	geckodriver	INFO	Listening on 127.0.0.1:47929
1488296296088	mozprofile::profile	INFO	Using profile path /tmp/rust_mozprofile.eJj4H3NF0crj
1488296296090	geckodriver::marionette	INFO	Starting browser /usr/bin/firefox
1488296296094	geckodriver::marionette	INFO	Connecting to Marionette on localhost:45035

(firefox:24774): GLib-GObject-CRITICAL **: g_object_ref: assertion 'object->ref_count > 0' failed

(firefox:24774): GLib-GObject-CRITICAL **: g_object_unref: assertion 'object->ref_count > 0' failed

(firefox:24774): GLib-GObject-CRITICAL **: g_object_ref: assertion 'object->ref_count > 0' failed

(firefox:24774): GLib-GObject-CRITICAL **: g_object_unref: assertion 'object->ref_count > 0' failed
1488296296902	Marionette	INFO	Listening on port 45035

(/usr/lib/firefox/plugin-container:24840): GLib-GObject-CRITICAL **: g_object_ref: assertion 'object->ref_count > 0' failed

(/usr/lib/firefox/plugin-container:24840): GLib-GObject-CRITICAL **: g_object_unref: assertion 'object->ref_count > 0' failed

(/usr/lib/firefox/plugin-container:24840): GLib-GObject-CRITICAL **: g_object_ref: assertion 'object->ref_count > 0' failed

(/usr/lib/firefox/plugin-container:24840): GLib-GObject-CRITICAL **: g_object_unref: assertion 'object->ref_count > 0' failed

(firefox:24774): GLib-GObject-CRITICAL **: g_type_add_interface_static: assertion 'g_type_parent (interface_type) == G_TYPE_INTERFACE' failed

(firefox:24774): GLib-GObject-CRITICAL **: g_type_add_interface_static: assertion 'g_type_parent (interface_type) == G_TYPE_INTERFACE' failed

(firefox:24774): GLib-GObject-CRITICAL **: g_type_add_interface_static: assertion 'g_type_parent (interface_type) == G_TYPE_INTERFACE' failed

(firefox:24774): GLib-GObject-CRITICAL **: g_type_add_interface_static: assertion 'g_type_parent (interface_type) == G_TYPE_INTERFACE' failed
JavaScript error: https://kelloggs-latam-qa.ivycpg.com/web/Scripts/codebase/dhtmlxgrid_hextra.js, line 4: SyntaxError: expected expression, got '<'

(firefox:24774): GLib-GObject-CRITICAL **: g_type_add_interface_static: assertion 'g_type_parent (interface_type) == G_TYPE_INTERFACE' failed

(firefox:24774): GLib-GObject-CRITICAL **: g_type_add_interface_static: assertion 'g_type_parent (interface_type) == G_TYPE_INTERFACE' failed
1488296389318	geckodriver	INFO	Listening on 127.0.0.1:58480
1488296390319	mozprofile::profile	INFO	Using profile path /tmp/rust_mozprofile.hSmkYzLXhPjj
1488296390321	geckodriver::marionette	INFO	Starting browser /usr/bin/firefox
1488296390325	geckodriver::marionette	INFO	Connecting to Marionette on localhost:36354

(firefox:24929): GLib-GObject-CRITICAL **: g_object_ref: assertion 'object->ref_count > 0' failed

(firefox:24929): GLib-GObject-CRITICAL **: g_object_unref: assertion 'object->ref_count > 0' failed

(firefox:24929): GLib-GObject-CRITICAL **: g_object_ref: assertion 'object->ref_count > 0' failed

(firefox:24929): GLib-GObject-CRITICAL **: g_object_unref: assertion 'object->ref_count > 0' failed
1488296391138	Marionette	INFO	Listening on port 36354

(/usr/lib/firefox/plugin-container:24993): GLib-GObject-CRITICAL **: g_object_ref: assertion 'object->ref_count > 0' failed

(/usr/lib/firefox/plugin-container:24993): GLib-GObject-CRITICAL **: g_object_unref: assertion 'object->ref_count > 0' failed

(/usr/lib/firefox/plugin-container:24993): GLib-GObject-CRITICAL **: g_object_ref: assertion 'object->ref_count > 0' failed

(/usr/lib/firefox/plugin-container:24993): GLib-GObject-CRITICAL **: g_object_unref: assertion 'object->ref_count > 0' failed

(firefox:24929): GLib-GObject-CRITICAL **: g_type_add_interface_static: assertion 'g_type_parent (interface_type) == G_TYPE_INTERFACE' failed

(firefox:24929): GLib-GObject-CRITICAL **: g_type_add_interface_static: assertion 'g_type_parent (interface_type) == G_TYPE_INTERFACE' failed

(firefox:24929): GLib-GObject-CRITICAL **: g_type_add_interface_static: assertion 'g_type_parent (interface_type) == G_TYPE_INTERFACE' failed

(firefox:24929): GLib-GObject-CRITICAL **: g_type_add_interface_static: assertion 'g_type_parent (interface_type) == G_TYPE_INTERFACE' failed
JavaScript error: https://kelloggs-latam-qa.ivycpg.com/web/Scripts/codebase/dhtmlxgrid_hextra.js, line 4: SyntaxError: expected expression, got '<'

(firefox:24929): GLib-GObject-CRITICAL **: g_type_add_interface_static: assertion 'g_type_parent (interface_type) == G_TYPE_INTERFACE' failed

(firefox:24929): GLib-GObject-CRITICAL **: g_type_add_interface_static: assertion 'g_type_parent (interface_type) == G_TYPE_INTERFACE' failed
1488296674657	geckodriver	INFO	Listening on 127.0.0.1:51219
1488296675659	mozprofile::profile	INFO	Using profile path /tmp/rust_mozprofile.GIQh199u8vZ0
1488296675662	geckodriver::marionette	INFO	Starting browser /usr/bin/firefox
1488296675666	geckodriver::marionette	INFO	Connecting to Marionette on localhost:33834

(firefox:25123): GLib-GObject-CRITICAL **: g_object_ref: assertion 'object->ref_count > 0' failed

(firefox:25123): GLib-GObject-CRITICAL **: g_object_unref: assertion 'object->ref_count > 0' failed

(firefox:25123): GLib-GObject-CRITICAL **: g_object_ref: assertion 'object->ref_count > 0' failed

(firefox:25123): GLib-GObject-CRITICAL **: g_object_unref: assertion 'object->ref_count > 0' failed
1488296676509	Marionette	INFO	Listening on port 33834

(/usr/lib/firefox/plugin-container:25186): GLib-GObject-CRITICAL **: g_object_ref: assertion 'object->ref_count > 0' failed

(/usr/lib/firefox/plugin-container:25186): GLib-GObject-CRITICAL **: g_object_unref: assertion 'object->ref_count > 0' failed

(/usr/lib/firefox/plugin-container:25186): GLib-GObject-CRITICAL **: g_object_ref: assertion 'object->ref_count > 0' failed

(/usr/lib/firefox/plugin-container:25186): GLib-GObject-CRITICAL **: g_object_unref: assertion 'object->ref_count > 0' failed

(firefox:25123): GLib-GObject-CRITICAL **: g_type_add_interface_static: assertion 'g_type_parent (interface_type) == G_TYPE_INTERFACE' failed

(firefox:25123): GLib-GObject-CRITICAL **: g_type_add_interface_static: assertion 'g_type_parent (interface_type) == G_TYPE_INTERFACE' failed

(firefox:25123): GLib-GObject-CRITICAL **: g_type_add_interface_static: assertion 'g_type_parent (interface_type) == G_TYPE_INTERFACE' failed

(firefox:25123): GLib-GObject-CRITICAL **: g_type_add_interface_static: assertion 'g_type_parent (interface_type) == G_TYPE_INTERFACE' failed
JavaScript error: https://kelloggs-latam-qa.ivycpg.com/web/Scripts/codebase/dhtmlxgrid_hextra.js, line 4: SyntaxError: expected expression, got '<'

(firefox:25123): GLib-GObject-CRITICAL **: g_type_add_interface_static: assertion 'g_type_parent (interface_type) == G_TYPE_INTERFACE' failed

(firefox:25123): GLib-GObject-CRITICAL **: g_type_add_interface_static: assertion 'g_type_parent (interface_type) == G_TYPE_INTERFACE' failed
1488296813421	geckodriver	INFO	Listening on 127.0.0.1:43616
1488296814422	mozprofile::profile	INFO	Using profile path /tmp/rust_mozprofile.mRGuibttbGMU
1488296814424	geckodriver::marionette	INFO	Starting browser /usr/bin/firefox
1488296814427	geckodriver::marionette	INFO	Connecting to Marionette on localhost:38176

(firefox:25394): GLib-GObject-CRITICAL **: g_object_ref: assertion 'object->ref_count > 0' failed

(firefox:25394): GLib-GObject-CRITICAL **: g_object_unref: assertion 'object->ref_count > 0' failed

(firefox:25394): GLib-GObject-CRITICAL **: g_object_ref: assertion 'object->ref_count > 0' failed

(firefox:25394): GLib-GObject-CRITICAL **: g_object_unref: assertion 'object->ref_count > 0' failed
1488296815238	Marionette	INFO	Listening on port 38176

(/usr/lib/firefox/plugin-container:25454): GLib-GObject-CRITICAL **: g_object_ref: assertion 'object->ref_count > 0' failed

(/usr/lib/firefox/plugin-container:25454): GLib-GObject-CRITICAL **: g_object_unref: assertion 'object->ref_count > 0' failed

(/usr/lib/firefox/plugin-container:25454): GLib-GObject-CRITICAL **: g_object_ref: assertion 'object->ref_count > 0' failed

(/usr/lib/firefox/plugin-container:25454): GLib-GObject-CRITICAL **: g_object_unref: assertion 'object->ref_count > 0' failed

(firefox:25394): GLib-GObject-CRITICAL **: g_type_add_interface_static: assertion 'g_type_parent (interface_type) == G_TYPE_INTERFACE' failed

(firefox:25394): GLib-GObject-CRITICAL **: g_type_add_interface_static: assertion 'g_type_parent (interface_type) == G_TYPE_INTERFACE' failed

(firefox:25394): GLib-GObject-CRITICAL **: g_type_add_interface_static: assertion 'g_type_parent (interface_type) == G_TYPE_INTERFACE' failed

(firefox:25394): GLib-GObject-CRITICAL **: g_type_add_interface_static: assertion 'g_type_parent (interface_type) == G_TYPE_INTERFACE' failed
JavaScript error: https://kelloggs-latam-qa.ivycpg.com/web/Scripts/codebase/dhtmlxgrid_hextra.js, line 4: SyntaxError: expected expression, got '<'

(firefox:25394): GLib-GObject-CRITICAL **: g_type_add_interface_static: assertion 'g_type_parent (interface_type) == G_TYPE_INTERFACE' failed

(firefox:25394): GLib-GObject-CRITICAL **: g_type_add_interface_static: assertion 'g_type_parent (interface_type) == G_TYPE_INTERFACE' failed
1488296868751	geckodriver	INFO	Listening on 127.0.0.1:44449
1488296869753	mozprofile::profile	INFO	Using profile path /tmp/rust_mozprofile.wYvrqrDw7BZz
1488296869755	geckodriver::marionette	INFO	Starting browser /usr/bin/firefox
1488296869758	geckodriver::marionette	INFO	Connecting to Marionette on localhost:42114

(firefox:25536): GLib-GObject-CRITICAL **: g_object_ref: assertion 'object->ref_count > 0' failed

(firefox:25536): GLib-GObject-CRITICAL **: g_object_unref: assertion 'object->ref_count > 0' failed

(firefox:25536): GLib-GObject-CRITICAL **: g_object_ref: assertion 'object->ref_count > 0' failed

(firefox:25536): GLib-GObject-CRITICAL **: g_object_unref: assertion 'object->ref_count > 0' failed
1488296870600	Marionette	INFO	Listening on port 42114

(/usr/lib/firefox/plugin-container:25596): GLib-GObject-CRITICAL **: g_object_ref: assertion 'object->ref_count > 0' failed

(/usr/lib/firefox/plugin-container:25596): GLib-GObject-CRITICAL **: g_object_unref: assertion 'object->ref_count > 0' failed

(/usr/lib/firefox/plugin-container:25596): GLib-GObject-CRITICAL **: g_object_ref: assertion 'object->ref_count > 0' failed

(/usr/lib/firefox/plugin-container:25596): GLib-GObject-CRITICAL **: g_object_unref: assertion 'object->ref_count > 0' failed

(firefox:25536): GLib-GObject-CRITICAL **: g_type_add_interface_static: assertion 'g_type_parent (interface_type) == G_TYPE_INTERFACE' failed

(firefox:25536): GLib-GObject-CRITICAL **: g_type_add_interface_static: assertion 'g_type_parent (interface_type) == G_TYPE_INTERFACE' failed

(firefox:25536): GLib-GObject-CRITICAL **: g_type_add_interface_static: assertion 'g_type_parent (interface_type) == G_TYPE_INTERFACE' failed

(firefox:25536): GLib-GObject-CRITICAL **: g_type_add_interface_static: assertion 'g_type_parent (interface_type) == G_TYPE_INTERFACE' failed
JavaScript error: https://kelloggs-latam-qa.ivycpg.com/web/Scripts/codebase/dhtmlxgrid_hextra.js, line 4: SyntaxError: expected expression, got '<'

(firefox:25536): GLib-GObject-CRITICAL **: g_type_add_interface_static: assertion 'g_type_parent (interface_type) == G_TYPE_INTERFACE' failed

(firefox:25536): GLib-GObject-CRITICAL **: g_type_add_interface_static: assertion 'g_type_parent (interface_type) == G_TYPE_INTERFACE' failed
1488296922064	geckodriver	INFO	Listening on 127.0.0.1:48429
1488296923066	mozprofile::profile	INFO	Using profile path /tmp/rust_mozprofile.JVWO24MlA36d
1488296923068	geckodriver::marionette	INFO	Starting browser /usr/bin/firefox
1488296923072	geckodriver::marionette	INFO	Connecting to Marionette on localhost:36751

(firefox:25671): GLib-GObject-CRITICAL **: g_object_ref: assertion 'object->ref_count > 0' failed

(firefox:25671): GLib-GObject-CRITICAL **: g_object_unref: assertion 'object->ref_count > 0' failed

(firefox:25671): GLib-GObject-CRITICAL **: g_object_ref: assertion 'object->ref_count > 0' failed

(firefox:25671): GLib-GObject-CRITICAL **: g_object_unref: assertion 'object->ref_count > 0' failed
1488296923919	Marionette	INFO	Listening on port 36751

(/usr/lib/firefox/plugin-container:25732): GLib-GObject-CRITICAL **: g_object_ref: assertion 'object->ref_count > 0' failed

(/usr/lib/firefox/plugin-container:25732): GLib-GObject-CRITICAL **: g_object_unref: assertion 'object->ref_count > 0' failed

(/usr/lib/firefox/plugin-container:25732): GLib-GObject-CRITICAL **: g_object_ref: assertion 'object->ref_count > 0' failed

(/usr/lib/firefox/plugin-container:25732): GLib-GObject-CRITICAL **: g_object_unref: assertion 'object->ref_count > 0' failed

(firefox:25671): GLib-GObject-CRITICAL **: g_type_add_interface_static: assertion 'g_type_parent (interface_type) == G_TYPE_INTERFACE' failed

(firefox:25671): GLib-GObject-CRITICAL **: g_type_add_interface_static: assertion 'g_type_parent (interface_type) == G_TYPE_INTERFACE' failed

(firefox:25671): GLib-GObject-CRITICAL **: g_type_add_interface_static: assertion 'g_type_parent (interface_type) == G_TYPE_INTERFACE' failed

(firefox:25671): GLib-GObject-CRITICAL **: g_type_add_interface_static: assertion 'g_type_parent (interface_type) == G_TYPE_INTERFACE' failed
JavaScript error: https://kelloggs-latam-qa.ivycpg.com/web/Scripts/codebase/dhtmlxgrid_hextra.js, line 4: SyntaxError: expected expression, got '<'

(firefox:25671): GLib-GObject-CRITICAL **: g_type_add_interface_static: assertion 'g_type_parent (interface_type) == G_TYPE_INTERFACE' failed

(firefox:25671): GLib-GObject-CRITICAL **: g_type_add_interface_static: assertion 'g_type_parent (interface_type) == G_TYPE_INTERFACE' failed
1488296953022	addons.productaddons	WARN	Failed downloading XML, status: 0, reason: timeout
1488297056858	geckodriver	INFO	Listening on 127.0.0.1:57442
1488297057860	mozprofile::profile	INFO	Using profile path /tmp/rust_mozprofile.zWfEHwn3ge3q
1488297057862	geckodriver::marionette	INFO	Starting browser /usr/bin/firefox
1488297057865	geckodriver::marionette	INFO	Connecting to Marionette on localhost:37115

(firefox:25849): GLib-GObject-CRITICAL **: g_object_ref: assertion 'object->ref_count > 0' failed

(firefox:25849): GLib-GObject-CRITICAL **: g_object_unref: assertion 'object->ref_count > 0' failed

(firefox:25849): GLib-GObject-CRITICAL **: g_object_ref: assertion 'object->ref_count > 0' failed

(firefox:25849): GLib-GObject-CRITICAL **: g_object_unref: assertion 'object->ref_count > 0' failed
1488297058680	Marionette	INFO	Listening on port 37115

(/usr/lib/firefox/plugin-container:25908): GLib-GObject-CRITICAL **: g_object_ref: assertion 'object->ref_count > 0' failed

(/usr/lib/firefox/plugin-container:25908): GLib-GObject-CRITICAL **: g_object_unref: assertion 'object->ref_count > 0' failed

(/usr/lib/firefox/plugin-container:25908): GLib-GObject-CRITICAL **: g_object_ref: assertion 'object->ref_count > 0' failed

(/usr/lib/firefox/plugin-container:25908): GLib-GObject-CRITICAL **: g_object_unref: assertion 'object->ref_count > 0' failed

(firefox:25849): GLib-GObject-CRITICAL **: g_type_add_interface_static: assertion 'g_type_parent (interface_type) == G_TYPE_INTERFACE' failed

(firefox:25849): GLib-GObject-CRITICAL **: g_type_add_interface_static: assertion 'g_type_parent (interface_type) == G_TYPE_INTERFACE' failed

(firefox:25849): GLib-GObject-CRITICAL **: g_type_add_interface_static: assertion 'g_type_parent (interface_type) == G_TYPE_INTERFACE' failed

(firefox:25849): GLib-GObject-CRITICAL **: g_type_add_interface_static: assertion 'g_type_parent (interface_type) == G_TYPE_INTERFACE' failed
JavaScript error: https://kelloggs-latam-qa.ivycpg.com/web/Scripts/codebase/dhtmlxgrid_hextra.js, line 4: SyntaxError: expected expression, got '<'

(firefox:25849): GLib-GObject-CRITICAL **: g_type_add_interface_static: assertion 'g_type_parent (interface_type) == G_TYPE_INTERFACE' failed

(firefox:25849): GLib-GObject-CRITICAL **: g_type_add_interface_static: assertion 'g_type_parent (interface_type) == G_TYPE_INTERFACE' failed
*************************
A coding exception was thrown and uncaught in a Task.

Full message: TypeError: NetworkError when attempting to fetch resource.
Full stack: 
*************************
*************************
A coding exception was thrown and uncaught in a Task.

Full message: TypeError: NetworkError when attempting to fetch resource.
Full stack: 
*************************
*************************
A coding exception was thrown and uncaught in a Task.

Full message: TypeError: NetworkError when attempting to fetch resource.
Full stack: 
*************************
*************************
A coding exception was thrown and uncaught in a Task.

Full message: TypeError: NetworkError when attempting to fetch resource.
Full stack: 
*************************
1488301576810	geckodriver	INFO	Listening on 127.0.0.1:47781
1488301577810	mozprofile::profile	INFO	Using profile path /tmp/rust_mozprofile.F73zhe0bmuwJ
1488301577812	geckodriver::marionette	INFO	Starting browser /usr/bin/firefox
1488301577816	geckodriver::marionette	INFO	Connecting to Marionette on localhost:39583

(firefox:26165): GLib-GObject-CRITICAL **: g_object_ref: assertion 'object->ref_count > 0' failed

(firefox:26165): GLib-GObject-CRITICAL **: g_object_unref: assertion 'object->ref_count > 0' failed

(firefox:26165): GLib-GObject-CRITICAL **: g_object_ref: assertion 'object->ref_count > 0' failed

(firefox:26165): GLib-GObject-CRITICAL **: g_object_unref: assertion 'object->ref_count > 0' failed
1488301578602	Marionette	INFO	Listening on port 39583

(/usr/lib/firefox/plugin-container:26223): GLib-GObject-CRITICAL **: g_object_ref: assertion 'object->ref_count > 0' failed

(/usr/lib/firefox/plugin-container:26223): GLib-GObject-CRITICAL **: g_object_unref: assertion 'object->ref_count > 0' failed

(/usr/lib/firefox/plugin-container:26223): GLib-GObject-CRITICAL **: g_object_ref: assertion 'object->ref_count > 0' failed

(/usr/lib/firefox/plugin-container:26223): GLib-GObject-CRITICAL **: g_object_unref: assertion 'object->ref_count > 0' failed

(firefox:26165): GLib-GObject-CRITICAL **: g_type_add_interface_static: assertion 'g_type_parent (interface_type) == G_TYPE_INTERFACE' failed

(firefox:26165): GLib-GObject-CRITICAL **: g_type_add_interface_static: assertion 'g_type_parent (interface_type) == G_TYPE_INTERFACE' failed

(firefox:26165): GLib-GObject-CRITICAL **: g_type_add_interface_static: assertion 'g_type_parent (interface_type) == G_TYPE_INTERFACE' failed

(firefox:26165): GLib-GObject-CRITICAL **: g_type_add_interface_static: assertion 'g_type_parent (interface_type) == G_TYPE_INTERFACE' failed
JavaScript error: https://kelloggs-latam-qa.ivycpg.com/web/Scripts/codebase/dhtmlxgrid_hextra.js, line 4: SyntaxError: expected expression, got '<'

(firefox:26165): GLib-GObject-CRITICAL **: g_type_add_interface_static: assertion 'g_type_parent (interface_type) == G_TYPE_INTERFACE' failed

(firefox:26165): GLib-GObject-CRITICAL **: g_type_add_interface_static: assertion 'g_type_parent (interface_type) == G_TYPE_INTERFACE' failed
1488301661108	addons.productaddons	WARN	Failed downloading XML, status: 0, reason: timeout
*************************
A coding exception was thrown and uncaught in a Task.

Full message: TypeError: NetworkError when attempting to fetch resource.
Full stack: 
*************************
1488307746629	geckodriver	INFO	Listening on 127.0.0.1:51009
1488307747629	mozprofile::profile	INFO	Using profile path /tmp/rust_mozprofile.WL7SqCmaUi7c
1488307747630	geckodriver::marionette	INFO	Starting browser /usr/bin/firefox
1488307747632	geckodriver::marionette	INFO	Connecting to Marionette on localhost:35795

(firefox:26749): GLib-GObject-CRITICAL **: g_object_ref: assertion 'object->ref_count > 0' failed

(firefox:26749): GLib-GObject-CRITICAL **: g_object_unref: assertion 'object->ref_count > 0' failed

(firefox:26749): GLib-GObject-CRITICAL **: g_object_ref: assertion 'object->ref_count > 0' failed

(firefox:26749): GLib-GObject-CRITICAL **: g_object_unref: assertion 'object->ref_count > 0' failed
1488307748410	Marionette	INFO	Listening on port 35795

(/usr/lib/firefox/plugin-container:26814): GLib-GObject-CRITICAL **: g_object_ref: assertion 'object->ref_count > 0' failed

(/usr/lib/firefox/plugin-container:26814): GLib-GObject-CRITICAL **: g_object_unref: assertion 'object->ref_count > 0' failed

(/usr/lib/firefox/plugin-container:26814): GLib-GObject-CRITICAL **: g_object_ref: assertion 'object->ref_count > 0' failed

(/usr/lib/firefox/plugin-container:26814): GLib-GObject-CRITICAL **: g_object_unref: assertion 'object->ref_count > 0' failed
1488307780091	geckodriver	INFO	Listening on 127.0.0.1:53516
1488307781093	mozprofile::profile	INFO	Using profile path /tmp/rust_mozprofile.AFwBYe1Q3WHc
1488307781096	geckodriver::marionette	INFO	Starting browser /usr/bin/firefox
1488307781099	geckodriver::marionette	INFO	Connecting to Marionette on localhost:38489

(firefox:26883): GLib-GObject-CRITICAL **: g_object_ref: assertion 'object->ref_count > 0' failed

(firefox:26883): GLib-GObject-CRITICAL **: g_object_unref: assertion 'object->ref_count > 0' failed

(firefox:26883): GLib-GObject-CRITICAL **: g_object_ref: assertion 'object->ref_count > 0' failed

(firefox:26883): GLib-GObject-CRITICAL **: g_object_unref: assertion 'object->ref_count > 0' failed
1488307781967	Marionette	INFO	Listening on port 38489

(/usr/lib/firefox/plugin-container:26945): GLib-GObject-CRITICAL **: g_object_ref: assertion 'object->ref_count > 0' failed

(/usr/lib/firefox/plugin-container:26945): GLib-GObject-CRITICAL **: g_object_unref: assertion 'object->ref_count > 0' failed

(/usr/lib/firefox/plugin-container:26945): GLib-GObject-CRITICAL **: g_object_ref: assertion 'object->ref_count > 0' failed

(/usr/lib/firefox/plugin-container:26945): GLib-GObject-CRITICAL **: g_object_unref: assertion 'object->ref_count > 0' failed
*************************
A coding exception was thrown and uncaught in a Task.

Full message: TypeError: NetworkError when attempting to fetch resource.
Full stack: 
*************************
1488366175587	geckodriver	INFO	Listening on 127.0.0.1:34651
1488366176589	mozprofile::profile	INFO	Using profile path /tmp/rust_mozprofile.hoo0Tinuu3n2
1488366176592	geckodriver::marionette	INFO	Starting browser /usr/bin/firefox
1488366176596	geckodriver::marionette	INFO	Connecting to Marionette on localhost:33171

(firefox:28205): GLib-GObject-CRITICAL **: g_object_ref: assertion 'object->ref_count > 0' failed

(firefox:28205): GLib-GObject-CRITICAL **: g_object_unref: assertion 'object->ref_count > 0' failed

(firefox:28205): GLib-GObject-CRITICAL **: g_object_ref: assertion 'object->ref_count > 0' failed

(firefox:28205): GLib-GObject-CRITICAL **: g_object_unref: assertion 'object->ref_count > 0' failed
1488366177492	Marionette	INFO	Listening on port 33171

(/usr/lib/firefox/plugin-container:28268): GLib-GObject-CRITICAL **: g_object_ref: assertion 'object->ref_count > 0' failed

(/usr/lib/firefox/plugin-container:28268): GLib-GObject-CRITICAL **: g_object_unref: assertion 'object->ref_count > 0' failed

(/usr/lib/firefox/plugin-container:28268): GLib-GObject-CRITICAL **: g_object_ref: assertion 'object->ref_count > 0' failed

(/usr/lib/firefox/plugin-container:28268): GLib-GObject-CRITICAL **: g_object_unref: assertion 'object->ref_count > 0' failed
1488463915300	geckodriver	INFO	Listening on 127.0.0.1:42374
1488463916231	mozprofile::profile	INFO	Using profile path /tmp/rust_mozprofile.WcCuowqNkotV
1488463916233	geckodriver::marionette	INFO	Starting browser /usr/bin/firefox
1488463916237	geckodriver::marionette	INFO	Connecting to Marionette on localhost:34181

(firefox:5549): GLib-GObject-CRITICAL **: g_object_ref: assertion 'object->ref_count > 0' failed

(firefox:5549): GLib-GObject-CRITICAL **: g_object_unref: assertion 'object->ref_count > 0' failed

(firefox:5549): GLib-GObject-CRITICAL **: g_object_ref: assertion 'object->ref_count > 0' failed

(firefox:5549): GLib-GObject-CRITICAL **: g_object_unref: assertion 'object->ref_count > 0' failed
1488463917125	Marionette	INFO	Listening on port 34181

(/usr/lib/firefox/plugin-container:5613): GLib-GObject-CRITICAL **: g_object_ref: assertion 'object->ref_count > 0' failed

(/usr/lib/firefox/plugin-container:5613): GLib-GObject-CRITICAL **: g_object_unref: assertion 'object->ref_count > 0' failed

(/usr/lib/firefox/plugin-container:5613): GLib-GObject-CRITICAL **: g_object_ref: assertion 'object->ref_count > 0' failed

(/usr/lib/firefox/plugin-container:5613): GLib-GObject-CRITICAL **: g_object_unref: assertion 'object->ref_count > 0' failed

(firefox:5549): GLib-GObject-CRITICAL **: g_type_add_interface_static: assertion 'g_type_parent (interface_type) == G_TYPE_INTERFACE' failed

(firefox:5549): GLib-GObject-CRITICAL **: g_type_add_interface_static: assertion 'g_type_parent (interface_type) == G_TYPE_INTERFACE' failed

(firefox:5549): GLib-GObject-CRITICAL **: g_type_add_interface_static: assertion 'g_type_parent (interface_type) == G_TYPE_INTERFACE' failed

(firefox:5549): GLib-GObject-CRITICAL **: g_type_add_interface_static: assertion 'g_type_parent (interface_type) == G_TYPE_INTERFACE' failed
JavaScript error: https://kelloggs-latam-qa.ivycpg.com/web/Scripts/codebase/dhtmlxgrid_hextra.js, line 4: SyntaxError: expected expression, got '<'

(firefox:5549): GLib-GObject-CRITICAL **: g_type_add_interface_static: assertion 'g_type_parent (interface_type) == G_TYPE_INTERFACE' failed

(firefox:5549): GLib-GObject-CRITICAL **: g_type_add_interface_static: assertion 'g_type_parent (interface_type) == G_TYPE_INTERFACE' failed
